<?xml version="1.0" encoding="UTF-8"?>
<testsuites>
	<testsuite name="src.api.tests.test_api.TestAPI-20240501183652" tests="2" file="src/api/tests/test_api.py" time="0.049" timestamp="2024-05-01T18:36:53" failures="0" errors="0" skipped="0">
		<testcase classname="src.api.tests.test_api.TestAPI" name="test_editor_cannot_assign_journal_manager_role" time="0.029" timestamp="2024-05-01T18:36:53" file="src/api/tests/test_api.py" line="67"/>
		<testcase classname="src.api.tests.test_api.TestAPI" name="test_staff_member_can_assign_journal_manager_role" time="0.020" timestamp="2024-05-01T18:36:53" file="src/api/tests/test_api.py" line="40"/>
	</testsuite>
	<testsuite name="src.api.tests.test_oai.TestOAIViews-20240501183652" tests="10" file="src/api/tests/test_oai.py" time="2.762" timestamp="2024-05-01T18:36:57" failures="0" errors="0" skipped="0">
		<testcase classname="src.api.tests.test_oai.TestOAIViews" name="test_get_record_dc" time="0.442" timestamp="2024-05-01T18:36:54" file="src/api/tests/test_oai.py" line="80"/>
		<testcase classname="src.api.tests.test_oai.TestOAIViews" name="test_get_record_jats" time="0.089" timestamp="2024-05-01T18:36:55" file="src/api/tests/test_oai.py" line="135"/>
		<testcase classname="src.api.tests.test_oai.TestOAIViews" name="test_get_records_until" time="0.078" timestamp="2024-05-01T18:36:55" file="src/api/tests/test_oai.py" line="100"/>
		<testcase classname="src.api.tests.test_oai.TestOAIViews" name="test_identify_dc" time="0.036" timestamp="2024-05-01T18:36:55" file="src/api/tests/test_oai.py" line="180"/>
		<testcase classname="src.api.tests.test_oai.TestOAIViews" name="test_list_identifiers_jats" time="0.038" timestamp="2024-05-01T18:36:55" file="src/api/tests/test_oai.py" line="161"/>
		<testcase classname="src.api.tests.test_oai.TestOAIViews" name="test_list_records_dc" time="0.052" timestamp="2024-05-01T18:36:55" file="src/api/tests/test_oai.py" line="56"/>
		<testcase classname="src.api.tests.test_oai.TestOAIViews" name="test_list_records_jats" time="0.070" timestamp="2024-05-01T18:36:55" file="src/api/tests/test_oai.py" line="63"/>
		<testcase classname="src.api.tests.test_oai.TestOAIViews" name="test_list_sets" time="0.041" timestamp="2024-05-01T18:36:55" file="src/api/tests/test_oai.py" line="198"/>
		<testcase classname="src.api.tests.test_oai.TestOAIViews" name="test_oai_resumption_token_decode" time="0.001" timestamp="2024-05-01T18:36:55" file="src/api/tests/test_oai.py" line="218"/>
		<testcase classname="src.api.tests.test_oai.TestOAIViews" name="test_oai_resumption_token_encode" time="1.915" timestamp="2024-05-01T18:36:57" file="src/api/tests/test_oai.py" line="236"/>
	</testsuite>
	<testsuite name="src.api.tests.test_preprint_oai.TestPreprintOAIViews-20240501183652" tests="8" file="src/api/tests/test_preprint_oai.py" time="0.407" timestamp="2024-05-01T18:36:57" failures="5" errors="0" skipped="0">
		<testcase classname="src.api.tests.test_preprint_oai.TestPreprintOAIViews" name="test_identify_dc" time="0.027" timestamp="2024-05-01T18:36:57" file="src/api/tests/test_preprint_oai.py" line="145"/>
		<testcase classname="src.api.tests.test_preprint_oai.TestPreprintOAIViews" name="test_list_identifiers_jats" time="0.030" timestamp="2024-05-01T18:36:57" file="src/api/tests/test_preprint_oai.py" line="126"/>
		<testcase classname="src.api.tests.test_preprint_oai.TestPreprintOAIViews" name="test_list_sets" time="0.025" timestamp="2024-05-01T18:36:57" file="src/api/tests/test_preprint_oai.py" line="66"/>
		<testcase classname="src.api.tests.test_preprint_oai.TestPreprintOAIViews" name="test_get_record_dc" time="0.049" timestamp="2024-05-01T18:36:57" file="src/api/tests/test_preprint_oai.py" line="86">
			<failure type="AssertionError" message="Lists differ: ['&lt;?x[1268 chars]tory/object/1/download/1/&lt;/dc:identifier&gt;', '&lt;[191 chars]MH&gt;'] != ['&lt;?x[1268 chars]tory/manager/1/download/1/&lt;/dc:identifier&gt;', '[192 chars]MH&gt;']

First differing element 41:
'&lt;dc:[20 chars]po.domain.com/repository/object/1/download/1/&lt;/dc:identifier&gt;'
'&lt;dc:[20 chars]po.domain.com/repository/manager/1/download/1/&lt;/dc:identifier&gt;'

Diff is 1887 characters long. Set self.maxDiff to None to see it."><![CDATA[Traceback (most recent call last):
  File "/usr/local/lib/python3.10/site-packages/django/test/utils.py", line 461, in inner
    return func(*args, **kwargs)
  File "/usr/local/lib/python3.10/site-packages/freezegun/api.py", line 789, in wrapper
    result = func(*args, **kwargs)
  File "/vol/janeway/src/api/tests/test_preprint_oai.py", line 104, in test_get_record_dc
    self.assertEqual(str(response.rendered_content).split(), expected.split())
AssertionError: Lists differ: ['<?x[1268 chars]tory/object/1/download/1/</dc:identifier>', '<[191 chars]MH>'] != ['<?x[1268 chars]tory/manager/1/download/1/</dc:identifier>', '[192 chars]MH>']

First differing element 41:
'<dc:[20 chars]po.domain.com/repository/object/1/download/1/</dc:identifier>'
'<dc:[20 chars]po.domain.com/repository/manager/1/download/1/</dc:identifier>'

Diff is 1887 characters long. Set self.maxDiff to None to see it.
]]></failure>
		</testcase>
		<testcase classname="src.api.tests.test_preprint_oai.TestPreprintOAIViews" name="test_get_record_jats" time="0.064" timestamp="2024-05-01T18:36:57" file="src/api/tests/test_preprint_oai.py" line="106">
			<failure type="AssertionError" message="Lists differ: ['&lt;?x[2379 chars]tory/object/1/download/1/&quot;/&gt;', '&lt;abstract&gt;This[553 chars]MH&gt;'] != ['&lt;?x[2379 chars]tory/manager/1/download/1/&quot;/&gt;', '&lt;abstract&gt;Thi[555 chars]MH&gt;']

First differing element 92:
'xlink:href=&quot;http://repo.domain.com/repository/object/1/download/1/&quot;/&gt;'
'xlink:href=&quot;http://repo.domain.com/repository/manager/1/download/1/&quot;/&gt;'

Diff is 3754 characters long. Set self.maxDiff to None to see it."><![CDATA[Traceback (most recent call last):
  File "/usr/local/lib/python3.10/site-packages/django/test/utils.py", line 461, in inner
    return func(*args, **kwargs)
  File "/usr/local/lib/python3.10/site-packages/freezegun/api.py", line 789, in wrapper
    result = func(*args, **kwargs)
  File "/vol/janeway/src/api/tests/test_preprint_oai.py", line 124, in test_get_record_jats
    self.assertEqual(str(response.rendered_content).split(), expected.split())
AssertionError: Lists differ: ['<?x[2379 chars]tory/object/1/download/1/"/>', '<abstract>This[553 chars]MH>'] != ['<?x[2379 chars]tory/manager/1/download/1/"/>', '<abstract>Thi[555 chars]MH>']

First differing element 92:
'xlink:href="http://repo.domain.com/repository/object/1/download/1/"/>'
'xlink:href="http://repo.domain.com/repository/manager/1/download/1/"/>'

Diff is 3754 characters long. Set self.maxDiff to None to see it.
]]></failure>
		</testcase>
		<testcase classname="src.api.tests.test_preprint_oai.TestPreprintOAIViews" name="test_get_records_until" time="0.050" timestamp="2024-05-01T18:36:57" file="src/api/tests/test_preprint_oai.py" line="163">
			<failure type="AssertionError" message="Lists differ: ['&lt;?x[1262 chars]tory/object/3/download/3/&lt;/dc:identifier&gt;', '&lt;[193 chars]MH&gt;'] != ['&lt;?x[1262 chars]tory/manager/3/download/3/&lt;/dc:identifier&gt;', '[194 chars]MH&gt;']

First differing element 39:
'&lt;dc:[20 chars]po.domain.com/repository/object/3/download/3/&lt;/dc:identifier&gt;'
'&lt;dc:[20 chars]po.domain.com/repository/manager/3/download/3/&lt;/dc:identifier&gt;'

Diff is 1877 characters long. Set self.maxDiff to None to see it."><![CDATA[Traceback (most recent call last):
  File "/usr/local/lib/python3.10/site-packages/django/test/utils.py", line 461, in inner
    return func(*args, **kwargs)
  File "/usr/local/lib/python3.10/site-packages/freezegun/api.py", line 789, in wrapper
    result = func(*args, **kwargs)
  File "/vol/janeway/src/api/tests/test_preprint_oai.py", line 182, in test_get_records_until
    self.assertEqual(str(response.rendered_content).split(), expected.split())
AssertionError: Lists differ: ['<?x[1262 chars]tory/object/3/download/3/</dc:identifier>', '<[193 chars]MH>'] != ['<?x[1262 chars]tory/manager/3/download/3/</dc:identifier>', '[194 chars]MH>']

First differing element 39:
'<dc:[20 chars]po.domain.com/repository/object/3/download/3/</dc:identifier>'
'<dc:[20 chars]po.domain.com/repository/manager/3/download/3/</dc:identifier>'

Diff is 1877 characters long. Set self.maxDiff to None to see it.
]]></failure>
		</testcase>
		<testcase classname="src.api.tests.test_preprint_oai.TestPreprintOAIViews" name="test_list_records_dc" time="0.067" timestamp="2024-05-01T18:36:57" file="src/api/tests/test_preprint_oai.py" line="43">
			<failure type="AssertionError" message="Lists differ: ['&lt;?x[1262 chars]tory/object/3/download/3/&lt;/dc:identifier&gt;', '&lt;[1231 chars]MH&gt;'] != ['&lt;?x[1262 chars]tory/manager/3/download/3/&lt;/dc:identifier&gt;', '[1233 chars]MH&gt;']

First differing element 39:
'&lt;dc:[20 chars]po.domain.com/repository/object/3/download/3/&lt;/dc:identifier&gt;'
'&lt;dc:[20 chars]po.domain.com/repository/manager/3/download/3/&lt;/dc:identifier&gt;'

Diff is 3242 characters long. Set self.maxDiff to None to see it."><![CDATA[Traceback (most recent call last):
  File "/usr/local/lib/python3.10/site-packages/django/test/utils.py", line 461, in inner
    return func(*args, **kwargs)
  File "/usr/local/lib/python3.10/site-packages/freezegun/api.py", line 789, in wrapper
    result = func(*args, **kwargs)
  File "/vol/janeway/src/api/tests/test_preprint_oai.py", line 48, in test_list_records_dc
    self.assertEqual(str(response.rendered_content).split(), expected.split())
AssertionError: Lists differ: ['<?x[1262 chars]tory/object/3/download/3/</dc:identifier>', '<[1231 chars]MH>'] != ['<?x[1262 chars]tory/manager/3/download/3/</dc:identifier>', '[1233 chars]MH>']

First differing element 39:
'<dc:[20 chars]po.domain.com/repository/object/3/download/3/</dc:identifier>'
'<dc:[20 chars]po.domain.com/repository/manager/3/download/3/</dc:identifier>'

Diff is 3242 characters long. Set self.maxDiff to None to see it.
]]></failure>
		</testcase>
		<testcase classname="src.api.tests.test_preprint_oai.TestPreprintOAIViews" name="test_list_records_jats" time="0.094" timestamp="2024-05-01T18:36:57" file="src/api/tests/test_preprint_oai.py" line="50">
			<failure type="AssertionError" message="Lists differ: ['&lt;?x[2373 chars]tory/object/3/download/3/&quot;/&gt;', '&lt;abstract&gt;This[3068 chars]MH&gt;'] != ['&lt;?x[2373 chars]tory/manager/3/download/3/&quot;/&gt;', '&lt;abstract&gt;Thi[3072 chars]MH&gt;']

First differing element 90:
'xlink:href=&quot;http://repo.domain.com/repository/object/3/download/3/&quot;/&gt;'
'xlink:href=&quot;http://repo.domain.com/repository/manager/3/download/3/&quot;/&gt;'

Diff is 6978 characters long. Set self.maxDiff to None to see it."><![CDATA[Traceback (most recent call last):
  File "/usr/local/lib/python3.10/site-packages/django/test/utils.py", line 461, in inner
    return func(*args, **kwargs)
  File "/usr/local/lib/python3.10/site-packages/freezegun/api.py", line 789, in wrapper
    result = func(*args, **kwargs)
  File "/vol/janeway/src/api/tests/test_preprint_oai.py", line 64, in test_list_records_jats
    self.assertEqual(str(response.rendered_content).split(), expected.split())
AssertionError: Lists differ: ['<?x[2373 chars]tory/object/3/download/3/"/>', '<abstract>This[3068 chars]MH>'] != ['<?x[2373 chars]tory/manager/3/download/3/"/>', '<abstract>Thi[3072 chars]MH>']

First differing element 90:
'xlink:href="http://repo.domain.com/repository/object/3/download/3/"/>'
'xlink:href="http://repo.domain.com/repository/manager/3/download/3/"/>'

Diff is 6978 characters long. Set self.maxDiff to None to see it.
]]></failure>
		</testcase>
	</testsuite>
	<testsuite name="src.cms.tests.test_site_search.TestSiteSearch-20240501183652" tests="14" file="src/cms/tests/test_site_search.py" time="0.167" timestamp="2024-05-01T18:36:59" failures="0" errors="0" skipped="0">
		<testcase classname="src.cms.tests.test_site_search.TestSiteSearch" name="test_add_part_as_doc" time="0.003" timestamp="2024-05-01T18:36:58" file="src/cms/tests/test_site_search.py" line="135"/>
		<testcase classname="src.cms.tests.test_site_search.TestSiteSearch" name="test_add_search_index_document" time="0.002" timestamp="2024-05-01T18:36:58" file="src/cms/tests/test_site_search.py" line="78"/>
		<testcase classname="src.cms.tests.test_site_search.TestSiteSearch" name="test_add_searchable_page_parts" time="0.005" timestamp="2024-05-01T18:36:58" file="src/cms/tests/test_site_search.py" line="144"/>
		<testcase classname="src.cms.tests.test_site_search.TestSiteSearch" name="test_delete_command" time="0.119" timestamp="2024-05-01T18:36:59" file="src/cms/tests/test_site_search.py" line="207"/>
		<testcase classname="src.cms.tests.test_site_search.TestSiteSearch" name="test_excluded_urls" time="0.010" timestamp="2024-05-01T18:36:59" file="src/cms/tests/test_site_search.py" line="171"/>
		<testcase classname="src.cms.tests.test_site_search.TestSiteSearch" name="test_generate_command" time="0.003" timestamp="2024-05-01T18:36:59" file="src/cms/tests/test_site_search.py" line="201"/>
		<testcase classname="src.cms.tests.test_site_search.TestSiteSearch" name="test_get_body" time="0.003" timestamp="2024-05-01T18:36:59" file="src/cms/tests/test_site_search.py" line="166"/>
		<testcase classname="src.cms.tests.test_site_search.TestSiteSearch" name="test_get_name" time="0.002" timestamp="2024-05-01T18:36:59" file="src/cms/tests/test_site_search.py" line="158"/>
		<testcase classname="src.cms.tests.test_site_search.TestSiteSearch" name="test_get_text_for_header" time="0.003" timestamp="2024-05-01T18:36:59" file="src/cms/tests/test_site_search.py" line="125"/>
		<testcase classname="src.cms.tests.test_site_search.TestSiteSearch" name="test_get_text_for_parent" time="0.003" timestamp="2024-05-01T18:36:59" file="src/cms/tests/test_site_search.py" line="118"/>
		<testcase classname="src.cms.tests.test_site_search.TestSiteSearch" name="test_gobble_sibling_text" time="0.003" timestamp="2024-05-01T18:36:59" file="src/cms/tests/test_site_search.py" line="104"/>
		<testcase classname="src.cms.tests.test_site_search.TestSiteSearch" name="test_update_search_data_existing" time="0.005" timestamp="2024-05-01T18:36:59" file="src/cms/tests/test_site_search.py" line="228"/>
		<testcase classname="src.cms.tests.test_site_search.TestSiteSearch" name="test_update_search_data_new" time="0.004" timestamp="2024-05-01T18:36:59" file="src/cms/tests/test_site_search.py" line="219"/>
		<testcase classname="src.cms.tests.test_site_search.TestSiteSearch" name="test_url_in_scope" time="0.002" timestamp="2024-05-01T18:36:59" file="src/cms/tests/test_site_search.py" line="177"/>
	</testsuite>
	<testsuite name="src.cms.tests.test_views.ViewTests-20240501183652" tests="5" file="src/cms/tests/test_views.py" time="0.032" timestamp="2024-05-01T18:36:59" failures="0" errors="0" skipped="0">
		<testcase classname="src.cms.tests.test_views.ViewTests" name="test_view_page_bad_custom_template_path_raises_error" time="0.008" timestamp="2024-05-01T18:36:59" file="src/cms/tests/test_views.py" line="62"/>
		<testcase classname="src.cms.tests.test_views.ViewTests" name="test_view_page_journal" time="0.004" timestamp="2024-05-01T18:36:59" file="src/cms/tests/test_views.py" line="16"/>
		<testcase classname="src.cms.tests.test_views.ViewTests" name="test_view_page_no_custom_folder_set_raises_error" time="0.008" timestamp="2024-05-01T18:36:59" file="src/cms/tests/test_views.py" line="51"/>
		<testcase classname="src.cms.tests.test_views.ViewTests" name="test_view_page_press" time="0.003" timestamp="2024-05-01T18:36:59" file="src/cms/tests/test_views.py" line="25"/>
		<testcase classname="src.cms.tests.test_views.ViewTests" name="test_view_page_press_custom_template" time="0.009" timestamp="2024-05-01T18:36:59" file="src/cms/tests/test_views.py" line="34"/>
	</testsuite>
	<testsuite name="src.copyediting.tests.TestLogic-20240501183652" tests="5" file="src/copyediting/tests.py" time="0.573" timestamp="2024-05-01T18:37:00" failures="0" errors="0" skipped="0">
		<testcase classname="src.copyediting.tests.TestLogic" name="test_active_article_review_task_200s" time="0.389" timestamp="2024-05-01T18:37:00" file="src/copyediting/tests.py" line="130"/>
		<testcase classname="src.copyediting.tests.TestLogic" name="test_active_article_task_200s" time="0.053" timestamp="2024-05-01T18:37:00" file="src/copyediting/tests.py" line="99"/>
		<testcase classname="src.copyediting.tests.TestLogic" name="test_archive_stage_hides_task" time="0.041" timestamp="2024-05-01T18:37:00" file="src/copyediting/tests.py" line="70"/>
		<testcase classname="src.copyediting.tests.TestLogic" name="test_archived_article_review_task_404s" time="0.047" timestamp="2024-05-01T18:37:00" file="src/copyediting/tests.py" line="114"/>
		<testcase classname="src.copyediting.tests.TestLogic" name="test_archived_article_task_404s" time="0.044" timestamp="2024-05-01T18:37:00" file="src/copyediting/tests.py" line="84"/>
	</testsuite>
	<testsuite name="src.core.homepage_elements.carousel.tests.TestCarousel-20240501183652" tests="6" file="src/core/homepage_elements/carousel/tests.py" time="0.074" timestamp="2024-05-01T18:37:01" failures="0" errors="0" skipped="0">
		<testcase classname="src.core.homepage_elements.carousel.tests.TestCarousel" name="test_carousel" time="0.005" timestamp="2024-05-01T18:37:01" file="src/core/homepage_elements/carousel/tests.py" line="46"/>
		<testcase classname="src.core.homepage_elements.carousel.tests.TestCarousel" name="test_latest_articles" time="0.014" timestamp="2024-05-01T18:37:01" file="src/core/homepage_elements/carousel/tests.py" line="50"/>
		<testcase classname="src.core.homepage_elements.carousel.tests.TestCarousel" name="test_latest_articles_limit" time="0.013" timestamp="2024-05-01T18:37:01" file="src/core/homepage_elements/carousel/tests.py" line="59"/>
		<testcase classname="src.core.homepage_elements.carousel.tests.TestCarousel" name="test_latest_news" time="0.013" timestamp="2024-05-01T18:37:01" file="src/core/homepage_elements/carousel/tests.py" line="84"/>
		<testcase classname="src.core.homepage_elements.carousel.tests.TestCarousel" name="test_selected_articles" time="0.015" timestamp="2024-05-01T18:37:01" file="src/core/homepage_elements/carousel/tests.py" line="69"/>
		<testcase classname="src.core.homepage_elements.carousel.tests.TestCarousel" name="test_selected_news" time="0.014" timestamp="2024-05-01T18:37:01" file="src/core/homepage_elements/carousel/tests.py" line="93"/>
	</testsuite>
	<testsuite name="src.core.tests.test_app.CoreTests-20240501183652" tests="15" file="src/core/tests/test_app.py" time="16.253" timestamp="2024-05-01T18:37:17" failures="0" errors="7" skipped="0">
		<testcase classname="src.core.tests.test_app.CoreTests" name="test_create_user_form" time="1.229" timestamp="2024-05-01T18:37:02" file="src/core/tests/test_app.py" line="29">
			<system-out><![CDATA[Checking plugin about
Checking plugin carousel
Checking plugin featured
Checking plugin html
Checking plugin issue
Checking plugin journals
Checking plugin journals_and_html
Checking plugin news
Checking plugin popular
Checking plugin preprints
Checking plugin search_bar
]]></system-out>
		</testcase>
		<testcase classname="src.core.tests.test_app.CoreTests" name="test_create_user_form_mixed_case" time="1.396" timestamp="2024-05-01T18:37:03" file="src/core/tests/test_app.py" line="230">
			<system-out><![CDATA[Checking plugin about
Checking plugin carousel
Checking plugin featured
Checking plugin html
Checking plugin issue
Checking plugin journals
Checking plugin journals_and_html
Checking plugin news
Checking plugin popular
Checking plugin preprints
Checking plugin search_bar
]]></system-out>
		</testcase>
		<testcase classname="src.core.tests.test_app.CoreTests" name="test_create_user_form_normalise_email" time="1.326" timestamp="2024-05-01T18:37:05" file="src/core/tests/test_app.py" line="85">
			<system-out><![CDATA[Checking plugin about
Checking plugin carousel
Checking plugin featured
Checking plugin html
Checking plugin issue
Checking plugin journals
Checking plugin journals_and_html
Checking plugin news
Checking plugin popular
Checking plugin preprints
Checking plugin search_bar
]]></system-out>
		</testcase>
		<testcase classname="src.core.tests.test_app.CoreTests" name="test_email_subjects" time="0.974" timestamp="2024-05-01T18:37:06" file="src/core/tests/test_app.py" line="355">
			<system-out><![CDATA[Checking plugin about
Checking plugin carousel
Checking plugin featured
Checking plugin html
Checking plugin issue
Checking plugin journals
Checking plugin journals_and_html
Checking plugin news
Checking plugin popular
Checking plugin preprints
Checking plugin search_bar
]]></system-out>
		</testcase>
		<testcase classname="src.core.tests.test_app.CoreTests" name="test_enable_peer_review_data_block" time="1.372" timestamp="2024-05-01T18:37:07" file="src/core/tests/test_app.py" line="436">
			<system-out><![CDATA[Checking plugin about
Checking plugin carousel
Checking plugin featured
Checking plugin html
Checking plugin issue
Checking plugin journals
Checking plugin journals_and_html
Checking plugin news
Checking plugin popular
Checking plugin preprints
Checking plugin search_bar
]]></system-out>
		</testcase>
		<testcase classname="src.core.tests.test_app.CoreTests" name="test_hide_review_details_on" time="1.385" timestamp="2024-05-01T18:37:08" file="src/core/tests/test_app.py" line="377">
			<system-out><![CDATA[Checking plugin about
Checking plugin carousel
Checking plugin featured
Checking plugin html
Checking plugin issue
Checking plugin journals
Checking plugin journals_and_html
Checking plugin news
Checking plugin popular
Checking plugin preprints
Checking plugin search_bar
]]></system-out>
		</testcase>
		<testcase classname="src.core.tests.test_app.CoreTests" name="test_peer_reviews_for_author_consumption_overrides_hide_review_data" time="1.017" timestamp="2024-05-01T18:37:13" file="src/core/tests/test_app.py" line="408">
			<system-out><![CDATA[Checking plugin about
Checking plugin carousel
Checking plugin featured
Checking plugin html
Checking plugin issue
Checking plugin journals
Checking plugin journals_and_html
Checking plugin news
Checking plugin popular
Checking plugin preprints
Checking plugin search_bar
]]></system-out>
		</testcase>
		<testcase classname="src.core.tests.test_app.CoreTests" name="test_setting_validation" time="0.713" timestamp="2024-05-01T18:37:17" file="src/core/tests/test_app.py" line="370">
			<system-out><![CDATA[Checking plugin about
Checking plugin carousel
Checking plugin featured
Checking plugin html
Checking plugin issue
Checking plugin journals
Checking plugin journals_and_html
Checking plugin news
Checking plugin popular
Checking plugin preprints
Checking plugin search_bar
]]></system-out>
		</testcase>
		<testcase classname="src.core.tests.test_app.CoreTests" name="test_mixed_case_email_address_correct_username" time="1.133" timestamp="2024-05-01T18:37:10" file="src/core/tests/test_app.py" line="109">
			<error type="BdbQuit" message=""><![CDATA[Traceback (most recent call last):
  File "/usr/local/lib/python3.10/site-packages/django/test/utils.py", line 461, in inner
    return func(*args, **kwargs)
  File "/vol/janeway/src/core/tests/test_app.py", line 125, in test_mixed_case_email_address_correct_username
    response = self.client.post(reverse('core_register'), data)
  File "/usr/local/lib/python3.10/site-packages/django/test/client.py", line 948, in post
    response = super().post(
  File "/usr/local/lib/python3.10/site-packages/django/test/client.py", line 482, in post
    return self.generic(
  File "/usr/local/lib/python3.10/site-packages/django/test/client.py", line 609, in generic
    return self.request(**r)
  File "/usr/local/lib/python3.10/site-packages/django/test/client.py", line 891, in request
    self.check_exception(response)
  File "/usr/local/lib/python3.10/site-packages/django/test/client.py", line 738, in check_exception
    raise exc_value
  File "/usr/local/lib/python3.10/site-packages/django/core/handlers/exception.py", line 55, in inner
    response = get_response(request)
  File "/usr/local/lib/python3.10/site-packages/django/core/handlers/base.py", line 197, in _get_response
    response = wrapped_callback(request, *callback_args, **callback_kwargs)
  File "/vol/janeway/src/core/views.py", line 350, in register
    logic.send_confirmation_link(request, new_user)
  File "/vol/janeway/src/core/logic.py", line 108, in send_confirmation_link
    notify_helpers.send_email_with_body_from_user(
  File "/vol/janeway/src/utils/notify_helpers.py", line 56, in send_email_with_body_from_user
    notify.notification(**notify_contents)
  File "/vol/janeway/src/utils/notify.py", line 21, in notification
    [func(**kwargs) for func in settings.NOTIFY_FUNCS]
  File "/vol/janeway/src/utils/notify.py", line 21, in <listcomp>
    [func(**kwargs) for func in settings.NOTIFY_FUNCS]
  File "/vol/janeway/src/utils/notify_plugins/notify_email.py", line 146, in notify_hook
    response = send_email(
  File "/vol/janeway/src/utils/notify_plugins/notify_email.py", line 64, in send_email
    full_from_string = sanitize_address(
  File "/vol/janeway/src/utils/notify_plugins/notify_email.py", line 64, in send_email
    full_from_string = sanitize_address(
  File "/usr/local/lib/python3.10/bdb.py", line 90, in trace_dispatch
    return self.dispatch_line(frame)
  File "/usr/local/lib/python3.10/bdb.py", line 115, in dispatch_line
    if self.quitting: raise BdbQuit
bdb.BdbQuit
]]></error>
			<system-out><![CDATA[Checking plugin about
Checking plugin carousel
Checking plugin featured
Checking plugin html
Checking plugin issue
Checking plugin journals
Checking plugin journals_and_html
Checking plugin news
Checking plugin popular
Checking plugin preprints
Checking plugin search_bar
> /vol/janeway/src/utils/notify_plugins/notify_email.py(64)send_email()
-> full_from_string = sanitize_address(
(Pdb) 
]]></system-out>
		</testcase>
		<testcase classname="src.core.tests.test_app.CoreTests" name="test_mixed_case_email_address_no_duplicates" time="0.864" timestamp="2024-05-01T18:37:10" file="src/core/tests/test_app.py" line="131">
			<!--Ensure no duplicate accounts can be created for mixed case emails-->
			<error type="BdbQuit" message=""><![CDATA[Traceback (most recent call last):
  File "/usr/local/lib/python3.10/site-packages/django/test/utils.py", line 461, in inner
    return func(*args, **kwargs)
  File "/vol/janeway/src/core/tests/test_app.py", line 150, in test_mixed_case_email_address_no_duplicates
    response = self.client.post(reverse('core_register'), data)
  File "/usr/local/lib/python3.10/site-packages/django/test/client.py", line 948, in post
    response = super().post(
  File "/usr/local/lib/python3.10/site-packages/django/test/client.py", line 482, in post
    return self.generic(
  File "/usr/local/lib/python3.10/site-packages/django/test/client.py", line 609, in generic
    return self.request(**r)
  File "/usr/local/lib/python3.10/site-packages/django/test/client.py", line 891, in request
    self.check_exception(response)
  File "/usr/local/lib/python3.10/site-packages/django/test/client.py", line 738, in check_exception
    raise exc_value
  File "/usr/local/lib/python3.10/site-packages/django/core/handlers/exception.py", line 55, in inner
    response = get_response(request)
  File "/usr/local/lib/python3.10/site-packages/django/core/handlers/base.py", line 197, in _get_response
    response = wrapped_callback(request, *callback_args, **callback_kwargs)
  File "/vol/janeway/src/core/views.py", line 350, in register
    logic.send_confirmation_link(request, new_user)
  File "/vol/janeway/src/core/logic.py", line 108, in send_confirmation_link
    notify_helpers.send_email_with_body_from_user(
  File "/vol/janeway/src/utils/notify_helpers.py", line 56, in send_email_with_body_from_user
    notify.notification(**notify_contents)
  File "/vol/janeway/src/utils/notify.py", line 21, in notification
    [func(**kwargs) for func in settings.NOTIFY_FUNCS]
  File "/vol/janeway/src/utils/notify.py", line 21, in <listcomp>
    [func(**kwargs) for func in settings.NOTIFY_FUNCS]
  File "/vol/janeway/src/utils/notify_plugins/notify_email.py", line 146, in notify_hook
    response = send_email(
  File "/vol/janeway/src/utils/notify_plugins/notify_email.py", line 64, in send_email
    full_from_string = sanitize_address(
  File "/vol/janeway/src/utils/notify_plugins/notify_email.py", line 64, in send_email
    full_from_string = sanitize_address(
  File "/usr/local/lib/python3.10/bdb.py", line 90, in trace_dispatch
    return self.dispatch_line(frame)
  File "/usr/local/lib/python3.10/bdb.py", line 115, in dispatch_line
    if self.quitting: raise BdbQuit
bdb.BdbQuit
]]></error>
			<system-out><![CDATA[Checking plugin about
Checking plugin carousel
Checking plugin featured
Checking plugin html
Checking plugin issue
Checking plugin journals
Checking plugin journals_and_html
Checking plugin news
Checking plugin popular
Checking plugin preprints
Checking plugin search_bar
> /vol/janeway/src/utils/notify_plugins/notify_email.py(64)send_email()
-> full_from_string = sanitize_address(
(Pdb) 
]]></system-out>
		</testcase>
		<testcase classname="src.core.tests.test_app.CoreTests" name="test_mixed_case_login_different_case" time="0.863" timestamp="2024-05-01T18:37:11" file="src/core/tests/test_app.py" line="196">
			<error type="BdbQuit" message=""><![CDATA[Traceback (most recent call last):
  File "/usr/local/lib/python3.10/site-packages/django/test/utils.py", line 461, in inner
    return func(*args, **kwargs)
  File "/vol/janeway/src/core/tests/test_app.py", line 215, in test_mixed_case_login_different_case
    response = self.client.post(reverse('core_register'), data)
  File "/usr/local/lib/python3.10/site-packages/django/test/client.py", line 948, in post
    response = super().post(
  File "/usr/local/lib/python3.10/site-packages/django/test/client.py", line 482, in post
    return self.generic(
  File "/usr/local/lib/python3.10/site-packages/django/test/client.py", line 609, in generic
    return self.request(**r)
  File "/usr/local/lib/python3.10/site-packages/django/test/client.py", line 891, in request
    self.check_exception(response)
  File "/usr/local/lib/python3.10/site-packages/django/test/client.py", line 738, in check_exception
    raise exc_value
  File "/usr/local/lib/python3.10/site-packages/django/core/handlers/exception.py", line 55, in inner
    response = get_response(request)
  File "/usr/local/lib/python3.10/site-packages/django/core/handlers/base.py", line 197, in _get_response
    response = wrapped_callback(request, *callback_args, **callback_kwargs)
  File "/vol/janeway/src/core/views.py", line 350, in register
    logic.send_confirmation_link(request, new_user)
  File "/vol/janeway/src/core/logic.py", line 108, in send_confirmation_link
    notify_helpers.send_email_with_body_from_user(
  File "/vol/janeway/src/utils/notify_helpers.py", line 56, in send_email_with_body_from_user
    notify.notification(**notify_contents)
  File "/vol/janeway/src/utils/notify.py", line 21, in notification
    [func(**kwargs) for func in settings.NOTIFY_FUNCS]
  File "/vol/janeway/src/utils/notify.py", line 21, in <listcomp>
    [func(**kwargs) for func in settings.NOTIFY_FUNCS]
  File "/vol/janeway/src/utils/notify_plugins/notify_email.py", line 146, in notify_hook
    response = send_email(
  File "/vol/janeway/src/utils/notify_plugins/notify_email.py", line 64, in send_email
    full_from_string = sanitize_address(
  File "/vol/janeway/src/utils/notify_plugins/notify_email.py", line 64, in send_email
    full_from_string = sanitize_address(
  File "/usr/local/lib/python3.10/bdb.py", line 90, in trace_dispatch
    return self.dispatch_line(frame)
  File "/usr/local/lib/python3.10/bdb.py", line 115, in dispatch_line
    if self.quitting: raise BdbQuit
bdb.BdbQuit
]]></error>
			<system-out><![CDATA[Checking plugin about
Checking plugin carousel
Checking plugin featured
Checking plugin html
Checking plugin issue
Checking plugin journals
Checking plugin journals_and_html
Checking plugin news
Checking plugin popular
Checking plugin preprints
Checking plugin search_bar
> /vol/janeway/src/utils/notify_plugins/notify_email.py(64)send_email()
-> full_from_string = sanitize_address(
(Pdb) 
]]></system-out>
		</testcase>
		<testcase classname="src.core.tests.test_app.CoreTests" name="test_mixed_case_login_same_case" time="0.860" timestamp="2024-05-01T18:37:12" file="src/core/tests/test_app.py" line="163">
			<error type="BdbQuit" message=""><![CDATA[Traceback (most recent call last):
  File "/usr/local/lib/python3.10/site-packages/django/test/utils.py", line 461, in inner
    return func(*args, **kwargs)
  File "/vol/janeway/src/core/tests/test_app.py", line 181, in test_mixed_case_login_same_case
    response = self.client.post(reverse('core_register'), data)
  File "/usr/local/lib/python3.10/site-packages/django/test/client.py", line 948, in post
    response = super().post(
  File "/usr/local/lib/python3.10/site-packages/django/test/client.py", line 482, in post
    return self.generic(
  File "/usr/local/lib/python3.10/site-packages/django/test/client.py", line 609, in generic
    return self.request(**r)
  File "/usr/local/lib/python3.10/site-packages/django/test/client.py", line 891, in request
    self.check_exception(response)
  File "/usr/local/lib/python3.10/site-packages/django/test/client.py", line 738, in check_exception
    raise exc_value
  File "/usr/local/lib/python3.10/site-packages/django/core/handlers/exception.py", line 55, in inner
    response = get_response(request)
  File "/usr/local/lib/python3.10/site-packages/django/core/handlers/base.py", line 197, in _get_response
    response = wrapped_callback(request, *callback_args, **callback_kwargs)
  File "/vol/janeway/src/core/views.py", line 350, in register
    logic.send_confirmation_link(request, new_user)
  File "/vol/janeway/src/core/logic.py", line 108, in send_confirmation_link
    notify_helpers.send_email_with_body_from_user(
  File "/vol/janeway/src/utils/notify_helpers.py", line 56, in send_email_with_body_from_user
    notify.notification(**notify_contents)
  File "/vol/janeway/src/utils/notify.py", line 21, in notification
    [func(**kwargs) for func in settings.NOTIFY_FUNCS]
  File "/vol/janeway/src/utils/notify.py", line 21, in <listcomp>
    [func(**kwargs) for func in settings.NOTIFY_FUNCS]
  File "/vol/janeway/src/utils/notify_plugins/notify_email.py", line 146, in notify_hook
    response = send_email(
  File "/vol/janeway/src/utils/notify_plugins/notify_email.py", line 64, in send_email
    full_from_string = sanitize_address(
  File "/vol/janeway/src/utils/notify_plugins/notify_email.py", line 64, in send_email
    full_from_string = sanitize_address(
  File "/usr/local/lib/python3.10/bdb.py", line 90, in trace_dispatch
    return self.dispatch_line(frame)
  File "/usr/local/lib/python3.10/bdb.py", line 115, in dispatch_line
    if self.quitting: raise BdbQuit
bdb.BdbQuit
]]></error>
			<system-out><![CDATA[Checking plugin about
Checking plugin carousel
Checking plugin featured
Checking plugin html
Checking plugin issue
Checking plugin journals
Checking plugin journals_and_html
Checking plugin news
Checking plugin popular
Checking plugin preprints
Checking plugin search_bar
> /vol/janeway/src/utils/notify_plugins/notify_email.py(64)send_email()
-> full_from_string = sanitize_address(
(Pdb) 
]]></system-out>
		</testcase>
		<testcase classname="src.core.tests.test_app.CoreTests" name="test_register_as_reader" time="1.136" timestamp="2024-05-01T18:37:14" file="src/core/tests/test_app.py" line="260">
			<error type="BdbQuit" message=""><![CDATA[Traceback (most recent call last):
  File "/usr/local/lib/python3.10/site-packages/django/test/utils.py", line 461, in inner
    return func(*args, **kwargs)
  File "/vol/janeway/src/core/tests/test_app.py", line 284, in test_register_as_reader
    response = self.client.post(reverse('core_register'), data, SERVER_NAME='testserver')
  File "/usr/local/lib/python3.10/site-packages/django/test/client.py", line 948, in post
    response = super().post(
  File "/usr/local/lib/python3.10/site-packages/django/test/client.py", line 482, in post
    return self.generic(
  File "/usr/local/lib/python3.10/site-packages/django/test/client.py", line 609, in generic
    return self.request(**r)
  File "/usr/local/lib/python3.10/site-packages/django/test/client.py", line 891, in request
    self.check_exception(response)
  File "/usr/local/lib/python3.10/site-packages/django/test/client.py", line 738, in check_exception
    raise exc_value
  File "/usr/local/lib/python3.10/site-packages/django/core/handlers/exception.py", line 55, in inner
    response = get_response(request)
  File "/usr/local/lib/python3.10/site-packages/django/core/handlers/base.py", line 197, in _get_response
    response = wrapped_callback(request, *callback_args, **callback_kwargs)
  File "/vol/janeway/src/core/views.py", line 350, in register
    logic.send_confirmation_link(request, new_user)
  File "/vol/janeway/src/core/logic.py", line 108, in send_confirmation_link
    notify_helpers.send_email_with_body_from_user(
  File "/vol/janeway/src/utils/notify_helpers.py", line 56, in send_email_with_body_from_user
    notify.notification(**notify_contents)
  File "/vol/janeway/src/utils/notify.py", line 21, in notification
    [func(**kwargs) for func in settings.NOTIFY_FUNCS]
  File "/vol/janeway/src/utils/notify.py", line 21, in <listcomp>
    [func(**kwargs) for func in settings.NOTIFY_FUNCS]
  File "/vol/janeway/src/utils/notify_plugins/notify_email.py", line 146, in notify_hook
    response = send_email(
  File "/vol/janeway/src/utils/notify_plugins/notify_email.py", line 64, in send_email
    full_from_string = sanitize_address(
  File "/vol/janeway/src/utils/notify_plugins/notify_email.py", line 64, in send_email
    full_from_string = sanitize_address(
  File "/usr/local/lib/python3.10/bdb.py", line 90, in trace_dispatch
    return self.dispatch_line(frame)
  File "/usr/local/lib/python3.10/bdb.py", line 115, in dispatch_line
    if self.quitting: raise BdbQuit
bdb.BdbQuit
]]></error>
			<system-out><![CDATA[Checking plugin about
Checking plugin carousel
Checking plugin featured
Checking plugin html
Checking plugin issue
Checking plugin journals
Checking plugin journals_and_html
Checking plugin news
Checking plugin popular
Checking plugin preprints
Checking plugin search_bar
> /vol/janeway/src/utils/notify_plugins/notify_email.py(64)send_email()
-> full_from_string = sanitize_address(
(Pdb) 
]]></system-out>
		</testcase>
		<testcase classname="src.core.tests.test_app.CoreTests" name="test_register_without_reader" time="0.871" timestamp="2024-05-01T18:37:15" file="src/core/tests/test_app.py" line="330">
			<error type="BdbQuit" message=""><![CDATA[Traceback (most recent call last):
  File "/usr/local/lib/python3.10/site-packages/django/test/utils.py", line 461, in inner
    return func(*args, **kwargs)
  File "/vol/janeway/src/core/tests/test_app.py", line 347, in test_register_without_reader
    response = self.client.post(reverse('core_register'), data, SERVER_NAME='testserver')
  File "/usr/local/lib/python3.10/site-packages/django/test/client.py", line 948, in post
    response = super().post(
  File "/usr/local/lib/python3.10/site-packages/django/test/client.py", line 482, in post
    return self.generic(
  File "/usr/local/lib/python3.10/site-packages/django/test/client.py", line 609, in generic
    return self.request(**r)
  File "/usr/local/lib/python3.10/site-packages/django/test/client.py", line 891, in request
    self.check_exception(response)
  File "/usr/local/lib/python3.10/site-packages/django/test/client.py", line 738, in check_exception
    raise exc_value
  File "/usr/local/lib/python3.10/site-packages/django/core/handlers/exception.py", line 55, in inner
    response = get_response(request)
  File "/usr/local/lib/python3.10/site-packages/django/core/handlers/base.py", line 197, in _get_response
    response = wrapped_callback(request, *callback_args, **callback_kwargs)
  File "/vol/janeway/src/core/views.py", line 350, in register
    logic.send_confirmation_link(request, new_user)
  File "/vol/janeway/src/core/logic.py", line 108, in send_confirmation_link
    notify_helpers.send_email_with_body_from_user(
  File "/vol/janeway/src/utils/notify_helpers.py", line 56, in send_email_with_body_from_user
    notify.notification(**notify_contents)
  File "/vol/janeway/src/utils/notify.py", line 21, in notification
    [func(**kwargs) for func in settings.NOTIFY_FUNCS]
  File "/vol/janeway/src/utils/notify.py", line 21, in <listcomp>
    [func(**kwargs) for func in settings.NOTIFY_FUNCS]
  File "/vol/janeway/src/utils/notify_plugins/notify_email.py", line 146, in notify_hook
    response = send_email(
  File "/vol/janeway/src/utils/notify_plugins/notify_email.py", line 64, in send_email
    full_from_string = sanitize_address(
  File "/vol/janeway/src/utils/notify_plugins/notify_email.py", line 64, in send_email
    full_from_string = sanitize_address(
  File "/usr/local/lib/python3.10/bdb.py", line 90, in trace_dispatch
    return self.dispatch_line(frame)
  File "/usr/local/lib/python3.10/bdb.py", line 115, in dispatch_line
    if self.quitting: raise BdbQuit
bdb.BdbQuit
]]></error>
			<system-out><![CDATA[Checking plugin about
Checking plugin carousel
Checking plugin featured
Checking plugin html
Checking plugin issue
Checking plugin journals
Checking plugin journals_and_html
Checking plugin news
Checking plugin popular
Checking plugin preprints
Checking plugin search_bar
> /vol/janeway/src/utils/notify_plugins/notify_email.py(64)send_email()
-> full_from_string = sanitize_address(
(Pdb) 
]]></system-out>
		</testcase>
		<testcase classname="src.core.tests.test_app.CoreTests" name="test_sending_reader_notification" time="1.115" timestamp="2024-05-01T18:37:16" file="src/core/tests/test_app.py" line="292">
			<error type="BdbQuit" message=""><![CDATA[Traceback (most recent call last):
  File "/usr/local/lib/python3.10/site-packages/django/test/utils.py", line 461, in inner
    return func(*args, **kwargs)
  File "/vol/janeway/src/core/tests/test_app.py", line 317, in test_sending_reader_notification
    response = self.client.post(reverse('core_register'), data, SERVER_NAME='testserver')
  File "/usr/local/lib/python3.10/site-packages/django/test/client.py", line 948, in post
    response = super().post(
  File "/usr/local/lib/python3.10/site-packages/django/test/client.py", line 482, in post
    return self.generic(
  File "/usr/local/lib/python3.10/site-packages/django/test/client.py", line 609, in generic
    return self.request(**r)
  File "/usr/local/lib/python3.10/site-packages/django/test/client.py", line 891, in request
    self.check_exception(response)
  File "/usr/local/lib/python3.10/site-packages/django/test/client.py", line 738, in check_exception
    raise exc_value
  File "/usr/local/lib/python3.10/site-packages/django/core/handlers/exception.py", line 55, in inner
    response = get_response(request)
  File "/usr/local/lib/python3.10/site-packages/django/core/handlers/base.py", line 197, in _get_response
    response = wrapped_callback(request, *callback_args, **callback_kwargs)
  File "/vol/janeway/src/core/views.py", line 350, in register
    logic.send_confirmation_link(request, new_user)
  File "/vol/janeway/src/core/logic.py", line 108, in send_confirmation_link
    notify_helpers.send_email_with_body_from_user(
  File "/vol/janeway/src/utils/notify_helpers.py", line 56, in send_email_with_body_from_user
    notify.notification(**notify_contents)
  File "/vol/janeway/src/utils/notify.py", line 21, in notification
    [func(**kwargs) for func in settings.NOTIFY_FUNCS]
  File "/vol/janeway/src/utils/notify.py", line 21, in <listcomp>
    [func(**kwargs) for func in settings.NOTIFY_FUNCS]
  File "/vol/janeway/src/utils/notify_plugins/notify_email.py", line 146, in notify_hook
    response = send_email(
  File "/vol/janeway/src/utils/notify_plugins/notify_email.py", line 64, in send_email
    full_from_string = sanitize_address(
  File "/vol/janeway/src/utils/notify_plugins/notify_email.py", line 64, in send_email
    full_from_string = sanitize_address(
  File "/usr/local/lib/python3.10/bdb.py", line 90, in trace_dispatch
    return self.dispatch_line(frame)
  File "/usr/local/lib/python3.10/bdb.py", line 115, in dispatch_line
    if self.quitting: raise BdbQuit
bdb.BdbQuit
]]></error>
			<system-out><![CDATA[Checking plugin about
Checking plugin carousel
Checking plugin featured
Checking plugin html
Checking plugin issue
Checking plugin journals
Checking plugin journals_and_html
Checking plugin news
Checking plugin popular
Checking plugin preprints
Checking plugin search_bar
> /vol/janeway/src/utils/notify_plugins/notify_email.py(64)send_email()
-> full_from_string = sanitize_address(
(Pdb) 
]]></system-out>
		</testcase>
	</testsuite>
	<testsuite name="src.core.tests.test_files.TestFilesHandler-20240501183652" tests="6" file="src/core/tests/test_files.py" time="2.362" timestamp="2024-05-01T18:37:19" failures="0" errors="0" skipped="0">
		<testcase classname="src.core.tests.test_files.TestFilesHandler" name="test_index_file" time="0.352" timestamp="2024-05-01T18:37:17" file="src/core/tests/test_files.py" line="163"/>
		<testcase classname="src.core.tests.test_files.TestFilesHandler" name="test_overwrite_file" time="0.357" timestamp="2024-05-01T18:37:18" file="src/core/tests/test_files.py" line="88"/>
		<testcase classname="src.core.tests.test_files.TestFilesHandler" name="test_pdf_to_text" time="0.583" timestamp="2024-05-01T18:37:18" file="src/core/tests/test_files.py" line="147"/>
		<testcase classname="src.core.tests.test_files.TestFilesHandler" name="test_save_file" time="0.351" timestamp="2024-05-01T18:37:19" file="src/core/tests/test_files.py" line="73"/>
		<testcase classname="src.core.tests.test_files.TestFilesHandler" name="test_serve_any_file" time="0.369" timestamp="2024-05-01T18:37:19" file="src/core/tests/test_files.py" line="112"/>
		<testcase classname="src.core.tests.test_files.TestFilesHandler" name="test_xml_to_text" time="0.350" timestamp="2024-05-01T18:37:19" file="src/core/tests/test_files.py" line="137"/>
	</testsuite>
	<testsuite name="src.core.tests.test_logic.TestLogic-20240501183652" tests="1" file="src/core/tests/test_logic.py" time="0.585" timestamp="2024-05-01T18:37:20" failures="0" errors="0" skipped="0">
		<testcase classname="src.core.tests.test_logic.TestLogic" name="test_render_nested_settings" time="0.585" timestamp="2024-05-01T18:37:20" file="src/core/tests/test_logic.py" line="17"/>
	</testsuite>
	<testsuite name="src.core.tests.test_middleware.TestSiteMiddleware-20240501183652" tests="6" file="src/core/tests/test_middleware.py" time="1.846" timestamp="2024-05-01T18:37:22" failures="0" errors="0" skipped="0">
		<testcase classname="src.core.tests.test_middleware.TestSiteMiddleware" name="test_journal_site_in_domain_mode" time="0.301" timestamp="2024-05-01T18:37:20" file="src/core/tests/test_middleware.py" line="83"/>
		<testcase classname="src.core.tests.test_middleware.TestSiteMiddleware" name="test_journal_site_in_path_mode" time="0.308" timestamp="2024-05-01T18:37:21" file="src/core/tests/test_middleware.py" line="38"/>
		<testcase classname="src.core.tests.test_middleware.TestSiteMiddleware" name="test_journal_site_with_path_in_domain_mode" time="0.309" timestamp="2024-05-01T18:37:21" file="src/core/tests/test_middleware.py" line="55"/>
		<testcase classname="src.core.tests.test_middleware.TestSiteMiddleware" name="test_press_site_in_domain_mode" time="0.310" timestamp="2024-05-01T18:37:21" file="src/core/tests/test_middleware.py" line="100"/>
		<testcase classname="src.core.tests.test_middleware.TestSiteMiddleware" name="test_press_site_in_path_mode" time="0.310" timestamp="2024-05-01T18:37:22" file="src/core/tests/test_middleware.py" line="66"/>
		<testcase classname="src.core.tests.test_middleware.TestSiteMiddleware" name="test_reverse_in_path_mode" time="0.309" timestamp="2024-05-01T18:37:22" file="src/core/tests/test_middleware.py" line="117"/>
	</testsuite>
	<testsuite name="src.core.tests.test_middleware.TestTimezoneMiddleware-20240501183652" tests="4" file="src/core/tests/test_middleware.py" time="1.231" timestamp="2024-05-01T18:37:23" failures="0" errors="0" skipped="0">
		<testcase classname="src.core.tests.test_middleware.TestTimezoneMiddleware" name="test_browser_timezone_case" time="0.305" timestamp="2024-05-01T18:37:22" file="src/core/tests/test_middleware.py" line="178"/>
		<testcase classname="src.core.tests.test_middleware.TestTimezoneMiddleware" name="test_default_case" time="0.307" timestamp="2024-05-01T18:37:22" file="src/core/tests/test_middleware.py" line="155"/>
		<testcase classname="src.core.tests.test_middleware.TestTimezoneMiddleware" name="test_user_preference_case" time="0.308" timestamp="2024-05-01T18:37:23" file="src/core/tests/test_middleware.py" line="167"/>
		<testcase classname="src.core.tests.test_middleware.TestTimezoneMiddleware" name="test_user_preference_over_browser" time="0.311" timestamp="2024-05-01T18:37:23" file="src/core/tests/test_middleware.py" line="191"/>
	</testsuite>
	<testsuite name="src.core.tests.test_models.TestAccount-20240501183652" tests="11" file="src/core/tests/test_models.py" time="1.208" timestamp="2024-05-01T18:37:24" failures="0" errors="0" skipped="0">
		<testcase classname="src.core.tests.test_models.TestAccount" name="test_creation" time="0.002" timestamp="2024-05-01T18:37:23" file="src/core/tests/test_models.py" line="22"/>
		<testcase classname="src.core.tests.test_models.TestAccount" name="test_email_normalised" time="0.001" timestamp="2024-05-01T18:37:23" file="src/core/tests/test_models.py" line="71"/>
		<testcase classname="src.core.tests.test_models.TestAccount" name="test_full_name" time="0.001" timestamp="2024-05-01T18:37:23" file="src/core/tests/test_models.py" line="200"/>
		<testcase classname="src.core.tests.test_models.TestAccount" name="test_merge_accounts_m2m" time="0.046" timestamp="2024-05-01T18:37:23" file="src/core/tests/test_models.py" line="108">
			<!--Test merging of m2m elements when mergint two accounts-->
		</testcase>
		<testcase classname="src.core.tests.test_models.TestAccount" name="test_merge_accounts_m2m_through" time="0.382" timestamp="2024-05-01T18:37:23" file="src/core/tests/test_models.py" line="125">
			<!--Test merging of m2m declaring 'through' when merging two accounts-->
		</testcase>
		<testcase classname="src.core.tests.test_models.TestAccount" name="test_merge_accounts_o2m" time="0.379" timestamp="2024-05-01T18:37:24" file="src/core/tests/test_models.py" line="149">
			<!--Test merging of o2m elements when merging two accounts-->
		</testcase>
		<testcase classname="src.core.tests.test_models.TestAccount" name="test_merge_accounts_o2m_unique" time="0.387" timestamp="2024-05-01T18:37:24" file="src/core/tests/test_models.py" line="171">
			<!--Test merging of o2m unique elements of two accounts-->
		</testcase>
		<testcase classname="src.core.tests.test_models.TestAccount" name="test_no_duplicates" time="0.001" timestamp="2024-05-01T18:37:24" file="src/core/tests/test_models.py" line="80"/>
		<testcase classname="src.core.tests.test_models.TestAccount" name="test_no_duplicates_quick_form" time="0.003" timestamp="2024-05-01T18:37:24" file="src/core/tests/test_models.py" line="90"/>
		<testcase classname="src.core.tests.test_models.TestAccount" name="test_username_normalised" time="0.003" timestamp="2024-05-01T18:37:24" file="src/core/tests/test_models.py" line="40"/>
		<testcase classname="src.core.tests.test_models.TestAccount" name="test_username_normalised_quick_form" time="0.002" timestamp="2024-05-01T18:37:24" file="src/core/tests/test_models.py" line="55"/>
	</testsuite>
	<testsuite name="src.core.tests.test_models.TestLastModifiedModel-20240501183652" tests="6" file="src/core/tests/test_models.py" time="2.239" timestamp="2024-05-01T18:37:27" failures="0" errors="0" skipped="0">
		<testcase classname="src.core.tests.test_models.TestLastModifiedModel" name="test_abstract_last_mod_save" time="0.355" timestamp="2024-05-01T18:37:25" file="src/core/tests/test_models.py" line="276"/>
		<testcase classname="src.core.tests.test_models.TestLastModifiedModel" name="test_abstract_last_mod_update_doesnt_die" time="0.347" timestamp="2024-05-01T18:37:25" file="src/core/tests/test_models.py" line="286"/>
		<testcase classname="src.core.tests.test_models.TestLastModifiedModel" name="test_last_modified_model" time="0.378" timestamp="2024-05-01T18:37:25" file="src/core/tests/test_models.py" line="295"/>
		<testcase classname="src.core.tests.test_models.TestLastModifiedModel" name="test_last_modified_model_recursive" time="0.388" timestamp="2024-05-01T18:37:26" file="src/core/tests/test_models.py" line="311"/>
		<testcase classname="src.core.tests.test_models.TestLastModifiedModel" name="test_last_modified_model_recursive_circular" time="0.386" timestamp="2024-05-01T18:37:26" file="src/core/tests/test_models.py" line="332"/>
		<testcase classname="src.core.tests.test_models.TestLastModifiedModel" name="test_last_modified_model_recursive_doubly_linked" time="0.386" timestamp="2024-05-01T18:37:27" file="src/core/tests/test_models.py" line="354"/>
	</testsuite>
	<testsuite name="src.core.tests.test_models.TestSVGImageFormField-20240501183652" tests="3" file="src/core/tests/test_models.py" time="0.017" timestamp="2024-05-01T18:37:27" failures="0" errors="0" skipped="0">
		<testcase classname="src.core.tests.test_models.TestSVGImageFormField" name="test_upload_corrupt_svg_to_svg_image_form_field" time="0.016" timestamp="2024-05-01T18:37:27" file="src/core/tests/test_models.py" line="228"/>
		<testcase classname="src.core.tests.test_models.TestSVGImageFormField" name="test_upload_image_to_svg_image_form_field" time="0.001" timestamp="2024-05-01T18:37:27" file="src/core/tests/test_models.py" line="245"/>
		<testcase classname="src.core.tests.test_models.TestSVGImageFormField" name="test_upload_svg_to_svg_image_form_field" time="0.001" timestamp="2024-05-01T18:37:27" file="src/core/tests/test_models.py" line="211"/>
	</testsuite>
	<testsuite name="src.core.tests.test_plugins.TestPluginLoader-20240501183652" tests="4" file="src/core/tests/test_plugins.py" time="0.002" timestamp="2024-05-01T18:37:27" failures="0" errors="0" skipped="0">
		<testcase classname="src.core.tests.test_plugins.TestPluginLoader" name="test_plugin_minor_version_is_not_valid" time="0.001" timestamp="2024-05-01T18:37:27" file="src/core/tests/test_plugins.py" line="34"/>
		<testcase classname="src.core.tests.test_plugins.TestPluginLoader" name="test_plugin_version_is_not_valid" time="0.000" timestamp="2024-05-01T18:37:27" file="src/core/tests/test_plugins.py" line="25"/>
		<testcase classname="src.core.tests.test_plugins.TestPluginLoader" name="test_plugin_version_is_valid" time="0.000" timestamp="2024-05-01T18:37:27" file="src/core/tests/test_plugins.py" line="17"/>
		<testcase classname="src.core.tests.test_plugins.TestPluginLoader" name="test_unpinned_plugin_version_is_valid" time="0.000" timestamp="2024-05-01T18:37:27" file="src/core/tests/test_plugins.py" line="43"/>
	</testsuite>
	<testsuite name="src.core.tests.test_settings.TestSettingHandler-20240501183652" tests="9" file="src/core/tests/test_settings.py" time="3.167" timestamp="2024-05-01T18:37:30" failures="0" errors="0" skipped="0">
		<testcase classname="src.core.tests.test_settings.TestSettingHandler" name="test_get_journal_setting_with_default_fallback" time="0.345" timestamp="2024-05-01T18:37:27" file="src/core/tests/test_settings.py" line="59"/>
		<testcase classname="src.core.tests.test_settings.TestSettingHandler" name="test_get_journal_setting_with_lang_and_default_fallback" time="0.355" timestamp="2024-05-01T18:37:27" file="src/core/tests/test_settings.py" line="80"/>
		<testcase classname="src.core.tests.test_settings.TestSettingHandler" name="test_get_journal_setting_with_lang_fallback" time="0.351" timestamp="2024-05-01T18:37:28" file="src/core/tests/test_settings.py" line="37"/>
		<testcase classname="src.core.tests.test_settings.TestSettingHandler" name="test_get_journal_setting_with_language" time="0.350" timestamp="2024-05-01T18:37:28" file="src/core/tests/test_settings.py" line="102"/>
		<testcase classname="src.core.tests.test_settings.TestSettingHandler" name="test_save_setting" time="0.354" timestamp="2024-05-01T18:37:28" file="src/core/tests/test_settings.py" line="124"/>
		<testcase classname="src.core.tests.test_settings.TestSettingHandler" name="test_save_translated_setting_with_default_lang" time="0.352" timestamp="2024-05-01T18:37:29" file="src/core/tests/test_settings.py" line="170"/>
		<testcase classname="src.core.tests.test_settings.TestSettingHandler" name="test_save_translated_setting_without_default_lang" time="0.352" timestamp="2024-05-01T18:37:29" file="src/core/tests/test_settings.py" line="145"/>
		<testcase classname="src.core.tests.test_settings.TestSettingHandler" name="test_set_and_get_journal_setting" time="0.353" timestamp="2024-05-01T18:37:29" file="src/core/tests/test_settings.py" line="17"/>
		<testcase classname="src.core.tests.test_settings.TestSettingHandler" name="test_update_translated_setting_with_default_lang" time="0.355" timestamp="2024-05-01T18:37:30" file="src/core/tests/test_settings.py" line="208"/>
	</testsuite>
	<testsuite name="src.core.tests.test_validators.TestValidators-20240501183652" tests="5" file="src/core/tests/test_validators.py" time="0.002" timestamp="2024-05-01T18:37:30" failures="0" errors="0" skipped="0">
		<testcase classname="src.core.tests.test_validators.TestValidators" name="test_invalid_email_setting" time="0.000" timestamp="2024-05-01T18:37:30" file="src/core/tests/test_validators.py" line="45"/>
		<testcase classname="src.core.tests.test_validators.TestValidators" name="test_invalid_file_extension" time="0.000" timestamp="2024-05-01T18:37:30" file="src/core/tests/test_validators.py" line="25"/>
		<testcase classname="src.core.tests.test_validators.TestValidators" name="test_invalid_mime_type" time="0.000" timestamp="2024-05-01T18:37:30" file="src/core/tests/test_validators.py" line="35"/>
		<testcase classname="src.core.tests.test_validators.TestValidators" name="test_valid_email_setting" time="0.000" timestamp="2024-05-01T18:37:30" file="src/core/tests/test_validators.py" line="50"/>
		<testcase classname="src.core.tests.test_validators.TestValidators" name="test_valid_file" time="0.000" timestamp="2024-05-01T18:37:30" file="src/core/tests/test_validators.py" line="8"/>
	</testsuite>
	<testsuite name="src.cron.tests.test_models.ModelTests-20240501183652" tests="1" file="src/cron/tests/test_models.py" time="0.001" timestamp="2024-05-01T18:37:30" failures="0" errors="0" skipped="0">
		<testcase classname="src.cron.tests.test_models.ModelTests" name="test_items_for_reminder" time="0.001" timestamp="2024-05-01T18:37:30" file="src/cron/tests/test_models.py" line="22"/>
	</testsuite>
	<testsuite name="src.identifiers.tests.test_forms.TestForms-20240501183652" tests="8" file="src/identifiers/tests/test_forms.py" time="0.102" timestamp="2024-05-01T18:37:31" failures="0" errors="0" skipped="0">
		<testcase classname="src.identifiers.tests.test_forms.TestForms" name="test_add_doi" time="0.002" timestamp="2024-05-01T18:37:31" file="src/identifiers/tests/test_forms.py" line="32"/>
		<testcase classname="src.identifiers.tests.test_forms.TestForms" name="test_duplicate_doi_article" time="0.002" timestamp="2024-05-01T18:37:31" file="src/identifiers/tests/test_forms.py" line="45">
			<!--
        Tests that you can't have a duplicate DOI on the same article.
        -->
		</testcase>
		<testcase classname="src.identifiers.tests.test_forms.TestForms" name="test_duplicate_doi_journal" time="0.003" timestamp="2024-05-01T18:37:31" file="src/identifiers/tests/test_forms.py" line="71">
			<!--
        Tests that you can't have duplicate DOIs across journals.
        -->
		</testcase>
		<testcase classname="src.identifiers.tests.test_forms.TestForms" name="test_edit_existing_ident" time="0.002" timestamp="2024-05-01T18:37:31" file="src/identifiers/tests/test_forms.py" line="175">
			<!--
        Tests that we can edit an existing identifier.
        -->
		</testcase>
		<testcase classname="src.identifiers.tests.test_forms.TestForms" name="test_edit_existing_ident_duplicate" time="0.002" timestamp="2024-05-01T18:37:31" file="src/identifiers/tests/test_forms.py" line="198">
			<!--
        Checks that we cannot save an existing identifier that matches another.
        -->
		</testcase>
		<testcase classname="src.identifiers.tests.test_forms.TestForms" name="test_other_ident_article" time="0.003" timestamp="2024-05-01T18:37:31" file="src/identifiers/tests/test_forms.py" line="97">
			<!--
        Tests that you cannot have duplicate non DOI idents in the same article.
        -->
		</testcase>
		<testcase classname="src.identifiers.tests.test_forms.TestForms" name="test_other_ident_journal" time="0.086" timestamp="2024-05-01T18:37:31" file="src/identifiers/tests/test_forms.py" line="123">
			<!--
        Tests that you cannot have duplicate non DOI idents in the same journal.
        -->
		</testcase>
		<testcase classname="src.identifiers.tests.test_forms.TestForms" name="test_other_ident_two_journals" time="0.003" timestamp="2024-05-01T18:37:31" file="src/identifiers/tests/test_forms.py" line="149">
			<!--
        Tests that you can have duplicate non DOI idents on different journals.
        -->
		</testcase>
	</testsuite>
	<testsuite name="src.identifiers.tests.test_logic.TestLogic-20240501183652" tests="17" file="src/identifiers/tests/test_logic.py" time="7.388" timestamp="2024-05-01T18:37:39" failures="0" errors="0" skipped="0">
		<testcase classname="src.identifiers.tests.test_logic.TestLogic" name="test_check_crossref_settings" time="0.020" timestamp="2024-05-01T18:37:32" file="src/identifiers/tests/test_logic.py" line="435"/>
		<testcase classname="src.identifiers.tests.test_logic.TestLogic" name="test_conference_deposit_xml_document_has_basically_correct_components" time="0.033" timestamp="2024-05-01T18:37:32" file="src/identifiers/tests/test_logic.py" line="338"/>
		<testcase classname="src.identifiers.tests.test_logic.TestLogic" name="test_create_crossef_issues_context" time="0.026" timestamp="2024-05-01T18:37:32" file="src/identifiers/tests/test_logic.py" line="170"/>
		<testcase classname="src.identifiers.tests.test_logic.TestLogic" name="test_create_crossref_article_context_not_published" time="0.008" timestamp="2024-05-01T18:37:32" file="src/identifiers/tests/test_logic.py" line="252"/>
		<testcase classname="src.identifiers.tests.test_logic.TestLogic" name="test_create_crossref_article_context_published" time="0.009" timestamp="2024-05-01T18:37:32" file="src/identifiers/tests/test_logic.py" line="229"/>
		<testcase classname="src.identifiers.tests.test_logic.TestLogic" name="test_create_crossref_doi_batch_context" time="0.009" timestamp="2024-05-01T18:37:32" file="src/identifiers/tests/test_logic.py" line="144"/>
		<testcase classname="src.identifiers.tests.test_logic.TestLogic" name="test_create_crossref_issue_context" time="0.006" timestamp="2024-05-01T18:37:32" file="src/identifiers/tests/test_logic.py" line="196"/>
		<testcase classname="src.identifiers.tests.test_logic.TestLogic" name="test_create_crossref_journal_context" time="0.004" timestamp="2024-05-01T18:37:32" file="src/identifiers/tests/test_logic.py" line="218"/>
		<testcase classname="src.identifiers.tests.test_logic.TestLogic" name="test_deposit_xml_document_is_valid" time="7.111" timestamp="2024-05-01T18:37:39" file="src/identifiers/tests/test_logic.py" line="291"/>
		<testcase classname="src.identifiers.tests.test_logic.TestLogic" name="test_issue_doi_auto_assign_enabled" time="0.024" timestamp="2024-05-01T18:37:39" file="src/identifiers/tests/test_logic.py" line="413"/>
		<testcase classname="src.identifiers.tests.test_logic.TestLogic" name="test_issue_doi_auto_assigned_disabled" time="0.017" timestamp="2024-05-01T18:37:39" file="src/identifiers/tests/test_logic.py" line="424"/>
		<testcase classname="src.identifiers.tests.test_logic.TestLogic" name="test_issue_doi_deposited_correctly" time="0.031" timestamp="2024-05-01T18:37:39" file="src/identifiers/tests/test_logic.py" line="358"/>
		<testcase classname="src.identifiers.tests.test_logic.TestLogic" name="test_journal_deposit_xml_document_has_basically_correct_components" time="0.042" timestamp="2024-05-01T18:37:39" file="src/identifiers/tests/test_logic.py" line="318"/>
		<testcase classname="src.identifiers.tests.test_logic.TestLogic" name="test_journal_doi_deposited_correctly" time="0.030" timestamp="2024-05-01T18:37:39" file="src/identifiers/tests/test_logic.py" line="385"/>
		<testcase classname="src.identifiers.tests.test_logic.TestLogic" name="test_preview_registration_information_when_custom_doi" time="0.006" timestamp="2024-05-01T18:37:39" file="src/identifiers/tests/test_logic.py" line="287"/>
		<testcase classname="src.identifiers.tests.test_logic.TestLogic" name="test_preview_registration_information_when_use_crossref_off" time="0.005" timestamp="2024-05-01T18:37:39" file="src/identifiers/tests/test_logic.py" line="282"/>
		<testcase classname="src.identifiers.tests.test_logic.TestLogic" name="test_preview_registration_information_when_use_crossref_on" time="0.009" timestamp="2024-05-01T18:37:39" file="src/identifiers/tests/test_logic.py" line="277"/>
	</testsuite>
	<testsuite name="src.identifiers.tests.test_models.TestLogic-20240501183652" tests="2" file="src/identifiers/tests/test_models.py" time="0.114" timestamp="2024-05-01T18:37:39" failures="0" errors="0" skipped="0">
		<testcase classname="src.identifiers.tests.test_models.TestLogic" name="test_crossref_deposit" time="0.065" timestamp="2024-05-01T18:37:39" file="src/identifiers/tests/test_models.py" line="25"/>
		<testcase classname="src.identifiers.tests.test_models.TestLogic" name="test_crossref_status" time="0.049" timestamp="2024-05-01T18:37:39" file="src/identifiers/tests/test_models.py" line="39"/>
	</testsuite>
	<testsuite name="src.journal.tests.test_journal_frontend.TestJournalSite-20240501183652" tests="10" file="src/journal/tests/test_journal_frontend.py" time="4.553" timestamp="2024-05-01T18:37:44" failures="0" errors="0" skipped="0">
		<testcase classname="src.journal.tests.test_journal_frontend.TestJournalSite" name="test_article_page" time="0.670" timestamp="2024-05-01T18:37:40" file="src/journal/tests/test_journal_frontend.py" line="250"/>
		<testcase classname="src.journal.tests.test_journal_frontend.TestJournalSite" name="test_authors_page" time="0.380" timestamp="2024-05-01T18:37:40" file="src/journal/tests/test_journal_frontend.py" line="216"/>
		<testcase classname="src.journal.tests.test_journal_frontend.TestJournalSite" name="test_become_reviewer_page" time="0.417" timestamp="2024-05-01T18:37:41" file="src/journal/tests/test_journal_frontend.py" line="137"/>
		<testcase classname="src.journal.tests.test_journal_frontend.TestJournalSite" name="test_collection_page" time="0.396" timestamp="2024-05-01T18:37:41" file="src/journal/tests/test_journal_frontend.py" line="174"/>
		<testcase classname="src.journal.tests.test_journal_frontend.TestJournalSite" name="test_editorial_team_group_page" time="0.378" timestamp="2024-05-01T18:37:42" file="src/journal/tests/test_journal_frontend.py" line="197"/>
		<testcase classname="src.journal.tests.test_journal_frontend.TestJournalSite" name="test_flat_front_end_pages" time="0.730" timestamp="2024-05-01T18:37:42" file="src/journal/tests/test_journal_frontend.py" line="98"/>
		<testcase classname="src.journal.tests.test_journal_frontend.TestJournalSite" name="test_issue_page" time="0.393" timestamp="2024-05-01T18:37:43" file="src/journal/tests/test_journal_frontend.py" line="114"/>
		<testcase classname="src.journal.tests.test_journal_frontend.TestJournalSite" name="test_keywords_page" time="0.376" timestamp="2024-05-01T18:37:43" file="src/journal/tests/test_journal_frontend.py" line="228"/>
		<testcase classname="src.journal.tests.test_journal_frontend.TestJournalSite" name="test_search_excludes_artucle" time="0.394" timestamp="2024-05-01T18:37:44" file="src/journal/tests/test_journal_frontend.py" line="289"/>
		<testcase classname="src.journal.tests.test_journal_frontend.TestJournalSite" name="test_search_includes_article" time="0.419" timestamp="2024-05-01T18:37:44" file="src/journal/tests/test_journal_frontend.py" line="270"/>
	</testsuite>
	<testsuite name="src.journal.tests.test_models.TestIssueModel-20240501183652" tests="4" file="src/journal/tests/test_models.py" time="1.403" timestamp="2024-05-01T18:37:45" failures="0" errors="0" skipped="0">
		<testcase classname="src.journal.tests.test_models.TestIssueModel" name="test_collection_display_title" time="0.348" timestamp="2024-05-01T18:37:44" file="src/journal/tests/test_models.py" line="130"/>
		<testcase classname="src.journal.tests.test_models.TestIssueModel" name="test_issue_display_title" time="0.349" timestamp="2024-05-01T18:37:45" file="src/journal/tests/test_models.py" line="122"/>
		<testcase classname="src.journal.tests.test_models.TestIssueModel" name="test_issue_display_title_changed" time="0.353" timestamp="2024-05-01T18:37:45" file="src/journal/tests/test_models.py" line="142"/>
		<testcase classname="src.journal.tests.test_models.TestIssueModel" name="test_journal_settings_for_display_title_changed" time="0.353" timestamp="2024-05-01T18:37:45" file="src/journal/tests/test_models.py" line="152"/>
	</testsuite>
	<testsuite name="src.journal.tests.test_models.TestJournalSite-20240501183652" tests="7" file="src/journal/tests/test_models.py" time="3.696" timestamp="2024-05-01T18:37:49" failures="0" errors="0" skipped="0">
		<testcase classname="src.journal.tests.test_models.TestJournalSite" name="test_domain_mode_site_url_for_journal_in_context" time="0.571" timestamp="2024-05-01T18:37:46" file="src/journal/tests/test_models.py" line="67"/>
		<testcase classname="src.journal.tests.test_models.TestJournalSite" name="test_domain_mode_site_url_for_journal_in_context_with_path" time="0.331" timestamp="2024-05-01T18:37:46" file="src/journal/tests/test_models.py" line="77"/>
		<testcase classname="src.journal.tests.test_models.TestJournalSite" name="test_domain_mode_site_url_for_other_site" time="0.888" timestamp="2024-05-01T18:37:47" file="src/journal/tests/test_models.py" line="88"/>
		<testcase classname="src.journal.tests.test_models.TestJournalSite" name="test_domain_mode_site_url_while_browsing_path_mode" time="0.614" timestamp="2024-05-01T18:37:48" file="src/journal/tests/test_models.py" line="102"/>
		<testcase classname="src.journal.tests.test_models.TestJournalSite" name="test_path_mode_site_url_for_journal_in_context" time="0.316" timestamp="2024-05-01T18:37:48" file="src/journal/tests/test_models.py" line="25"/>
		<testcase classname="src.journal.tests.test_models.TestJournalSite" name="test_path_mode_site_url_for_journal_in_context_with_path" time="0.332" timestamp="2024-05-01T18:37:48" file="src/journal/tests/test_models.py" line="39"/>
		<testcase classname="src.journal.tests.test_models.TestJournalSite" name="test_path_mode_site_url_for_other_site" time="0.644" timestamp="2024-05-01T18:37:49" file="src/journal/tests/test_models.py" line="50"/>
	</testsuite>
	<testsuite name="src.metrics.tests.ArticleAccessTests-20240501183652" tests="4" file="src/metrics/tests.py" time="1.494" timestamp="2024-05-01T18:37:51" failures="0" errors="0" skipped="0">
		<testcase classname="src.metrics.tests.ArticleAccessTests" name="test_NO_article_access_when_view_non_render_galley" time="0.378" timestamp="2024-05-01T18:37:50" file="src/metrics/tests.py" line="73"/>
		<testcase classname="src.metrics.tests.ArticleAccessTests" name="test_article_access_when_download_galley" time="0.292" timestamp="2024-05-01T18:37:50" file="src/metrics/tests.py" line="103"/>
		<testcase classname="src.metrics.tests.ArticleAccessTests" name="test_article_access_when_view_abstract" time="0.454" timestamp="2024-05-01T18:37:51" file="src/metrics/tests.py" line="34"/>
		<testcase classname="src.metrics.tests.ArticleAccessTests" name="test_article_access_when_view_render_galley" time="0.371" timestamp="2024-05-01T18:37:51" file="src/metrics/tests.py" line="50"/>
	</testsuite>
	<testsuite name="src.production.tests.TestLogic-20240501183652" tests="4" file="src/production/tests.py" time="0.098" timestamp="2024-05-01T18:37:52" failures="0" errors="0" skipped="0">
		<testcase classname="src.production.tests.TestLogic" name="test_active_article_task_200s" time="0.030" timestamp="2024-05-01T18:37:52" file="src/production/tests.py" line="108"/>
		<testcase classname="src.production.tests.TestLogic" name="test_archive_stage_hides_task" time="0.036" timestamp="2024-05-01T18:37:52" file="src/production/tests.py" line="79"/>
		<testcase classname="src.production.tests.TestLogic" name="test_archived_article_task_404s" time="0.031" timestamp="2024-05-01T18:37:52" file="src/production/tests.py" line="93"/>
		<testcase classname="src.production.tests.TestLogic" name="test_remove_css_from_html" time="0.001" timestamp="2024-05-01T18:37:52" file="src/production/tests.py" line="60"/>
	</testsuite>
	<testsuite name="src.proofing.tests.TestLogic-20240501183652" tests="6" file="src/proofing/tests.py" time="0.206" timestamp="2024-05-01T18:37:52" failures="0" errors="0" skipped="0">
		<testcase classname="src.proofing.tests.TestLogic" name="test_active_article_correction_200s" time="0.053" timestamp="2024-05-01T18:37:52" file="src/proofing/tests.py" line="164"/>
		<testcase classname="src.proofing.tests.TestLogic" name="test_active_article_task_200s" time="0.032" timestamp="2024-05-01T18:37:52" file="src/proofing/tests.py" line="120"/>
		<testcase classname="src.proofing.tests.TestLogic" name="test_archive_stage_hides_correction_task" time="0.031" timestamp="2024-05-01T18:37:52" file="src/proofing/tests.py" line="135"/>
		<testcase classname="src.proofing.tests.TestLogic" name="test_archive_stage_hides_task" time="0.028" timestamp="2024-05-01T18:37:52" file="src/proofing/tests.py" line="91"/>
		<testcase classname="src.proofing.tests.TestLogic" name="test_archived_article_correction_404s" time="0.032" timestamp="2024-05-01T18:37:52" file="src/proofing/tests.py" line="149"/>
		<testcase classname="src.proofing.tests.TestLogic" name="test_archived_article_task_404s" time="0.031" timestamp="2024-05-01T18:37:52" file="src/proofing/tests.py" line="105"/>
	</testsuite>
	<testsuite name="src.repository.tests.test_models.TestModels-20240501183652" tests="2" file="src/repository/tests/test_models.py" time="0.788" timestamp="2024-05-01T18:37:53" failures="0" errors="0" skipped="0">
		<testcase classname="src.repository.tests.test_models.TestModels" name="test_create_article" time="0.386" timestamp="2024-05-01T18:37:53" file="src/repository/tests/test_models.py" line="52"/>
		<testcase classname="src.repository.tests.test_models.TestModels" name="test_create_article_force" time="0.402" timestamp="2024-05-01T18:37:53" file="src/repository/tests/test_models.py" line="93"/>
	</testsuite>
	<testsuite name="src.repository.tests.test_views.TestModels-20240501183652" tests="8" file="src/repository/tests/test_views.py" time="2.577" timestamp="2024-05-01T18:37:56" failures="1" errors="2" skipped="0">
		<testcase classname="src.repository.tests.test_views.TestModels" name="test_accept_preprint_bad_date" time="0.351" timestamp="2024-05-01T18:37:54" file="src/repository/tests/test_views.py" line="295"/>
		<testcase classname="src.repository.tests.test_views.TestModels" name="test_edit_review_comment" time="0.320" timestamp="2024-05-01T18:37:54" file="src/repository/tests/test_views.py" line="233"/>
		<testcase classname="src.repository.tests.test_views.TestModels" name="test_invite_reviewer" time="0.316" timestamp="2024-05-01T18:37:55" file="src/repository/tests/test_views.py" line="66"/>
		<testcase classname="src.repository.tests.test_views.TestModels" name="test_publish_review_comment" time="0.315" timestamp="2024-05-01T18:37:55" file="src/repository/tests/test_views.py" line="155"/>
		<testcase classname="src.repository.tests.test_views.TestModels" name="test_unpublish_review_comment" time="0.314" timestamp="2024-05-01T18:37:56" file="src/repository/tests/test_views.py" line="193"/>
		<testcase classname="src.repository.tests.test_views.TestModels" name="test_accept_preprint" time="0.326" timestamp="2024-05-01T18:37:53" file="src/repository/tests/test_views.py" line="277">
			<failure type="AssertionError" message="FakeDatetime(2024, 3, 25, 20, 0, tzinfo=d[16 chars].utc) != datetime.datetime(2024, 3, 25, 10, 0, tzi[45 chars]go'))"><![CDATA[Traceback (most recent call last):
  File "/usr/local/lib/python3.10/site-packages/django/test/utils.py", line 461, in inner
    return func(*args, **kwargs)
  File "/usr/local/lib/python3.10/site-packages/freezegun/api.py", line 789, in wrapper
    result = func(*args, **kwargs)
  File "/vol/janeway/src/repository/tests/test_views.py", line 293, in test_accept_preprint
    self.assertEqual(p.date_accepted, FROZEN_DATETIME)
AssertionError: FakeDatetime(2024, 3, 25, 20, 0, tzinfo=d[16 chars].utc) != datetime.datetime(2024, 3, 25, 10, 0, tzi[45 chars]go'))
]]></failure>
		</testcase>
		<testcase classname="src.repository.tests.test_views.TestModels" name="test_do_review" time="0.321" timestamp="2024-05-01T18:37:54" file="src/repository/tests/test_views.py" line="120">
			<error type="BdbQuit" message=""><![CDATA[Traceback (most recent call last):
  File "/usr/local/lib/python3.10/site-packages/django/test/utils.py", line 461, in inner
    return func(*args, **kwargs)
  File "/vol/janeway/src/repository/tests/test_views.py", line 141, in test_do_review
    self.client.post(
  File "/usr/local/lib/python3.10/site-packages/django/test/client.py", line 948, in post
    response = super().post(
  File "/usr/local/lib/python3.10/site-packages/django/test/client.py", line 482, in post
    return self.generic(
  File "/usr/local/lib/python3.10/site-packages/django/test/client.py", line 609, in generic
    return self.request(**r)
  File "/usr/local/lib/python3.10/site-packages/django/test/client.py", line 891, in request
    self.check_exception(response)
  File "/usr/local/lib/python3.10/site-packages/django/test/client.py", line 738, in check_exception
    raise exc_value
  File "/usr/local/lib/python3.10/site-packages/django/core/handlers/exception.py", line 55, in inner
    response = get_response(request)
  File "/usr/local/lib/python3.10/site-packages/django/core/handlers/base.py", line 197, in _get_response
    response = wrapped_callback(request, *callback_args, **callback_kwargs)
  File "/vol/janeway/src/repository/views.py", line 2164, in submit_review
    review.complete(request)
  File "/vol/janeway/src/repository/models.py", line 1328, in complete
    event_logic.Events.raise_event(
  File "/vol/janeway/src/events/logic.py", line 301, in raise_event
    event_return = [func(**kwargs) for func in Events._hooks[event_name]]
  File "/vol/janeway/src/events/logic.py", line 301, in <listcomp>
    event_return = [func(**kwargs) for func in Events._hooks[event_name]]
  File "/vol/janeway/src/utils/transactional_emails.py", line 1825, in preprint_review_status_change
    notify_helpers.send_email_with_body_from_user(
[...]
		<testcase classname="src.utils.tests.TransactionalReviewEmailTests" name="test_send_article_decision" time="0.006" timestamp="2024-05-01T18:38:41" file="src/utils/tests.py" line="437">
			<error type="BdbQuit" message=""><![CDATA[Traceback (most recent call last):
  File "/vol/janeway/src/utils/tests.py", line 452, in test_send_article_decision
    send_article_decision(**kwargs)
  File "/vol/janeway/src/utils/transactional_emails.py", line 513, in send_article_decision
    core_email.send_email(
  File "/vol/janeway/src/core/email.py", line 34, in send_email
    notify_helpers.send_email_with_body_from_user(
  File "/vol/janeway/src/utils/notify_helpers.py", line 56, in send_email_with_body_from_user
    notify.notification(**notify_contents)
  File "/vol/janeway/src/utils/notify.py", line 21, in notification
    [func(**kwargs) for func in settings.NOTIFY_FUNCS]
  File "/vol/janeway/src/utils/notify.py", line 21, in <listcomp>
    [func(**kwargs) for func in settings.NOTIFY_FUNCS]
  File "/vol/janeway/src/utils/notify_plugins/notify_email.py", line 146, in notify_hook
    response = send_email(
  File "/vol/janeway/src/utils/notify_plugins/notify_email.py", line 64, in send_email
    full_from_string = sanitize_address(
  File "/vol/janeway/src/utils/notify_plugins/notify_email.py", line 64, in send_email
    full_from_string = sanitize_address(
  File "/usr/local/lib/python3.10/bdb.py", line 90, in trace_dispatch
    return self.dispatch_line(frame)
  File "/usr/local/lib/python3.10/bdb.py", line 115, in dispatch_line
    if self.quitting: raise BdbQuit
bdb.BdbQuit
]]></error>
			<system-out><![CDATA[> /vol/janeway/src/utils/notify_plugins/notify_email.py(64)send_email()
-> full_from_string = sanitize_address(
(Pdb) 
]]></system-out>
		</testcase>
		<testcase classname="src.utils.tests.TransactionalReviewEmailTests" name="test_send_editor_assigned_acknowledgements" time="0.006" timestamp="2024-05-01T18:38:41" file="src/utils/tests.py" line="299">
			<error type="BdbQuit" message=""><![CDATA[Traceback (most recent call last):
  File "/vol/janeway/src/utils/tests.py", line 316, in test_send_editor_assigned_acknowledgements
    send_editor_assigned_acknowledgements(**kwargs)
  File "/vol/janeway/src/utils/transactional_emails.py", line 141, in send_editor_assigned_acknowledgements
    send_editor_assigned_acknowledgements_mandatory(**kwargs)
  File "/vol/janeway/src/utils/transactional_emails.py", line 107, in send_editor_assigned_acknowledgements_mandatory
    core_email.send_email(
  File "/vol/janeway/src/core/email.py", line 34, in send_email
    notify_helpers.send_email_with_body_from_user(
  File "/vol/janeway/src/utils/notify_helpers.py", line 56, in send_email_with_body_from_user
    notify.notification(**notify_contents)
  File "/vol/janeway/src/utils/notify.py", line 21, in notification
    [func(**kwargs) for func in settings.NOTIFY_FUNCS]
  File "/vol/janeway/src/utils/notify.py", line 21, in <listcomp>
    [func(**kwargs) for func in settings.NOTIFY_FUNCS]
  File "/vol/janeway/src/utils/notify_plugins/notify_email.py", line 146, in notify_hook
    response = send_email(
  File "/vol/janeway/src/utils/notify_plugins/notify_email.py", line 64, in send_email
    full_from_string = sanitize_address(
  File "/vol/janeway/src/utils/notify_plugins/notify_email.py", line 64, in send_email
    full_from_string = sanitize_address(
  File "/usr/local/lib/python3.10/bdb.py", line 90, in trace_dispatch
    return self.dispatch_line(frame)
  File "/usr/local/lib/python3.10/bdb.py", line 115, in dispatch_line
    if self.quitting: raise BdbQuit
bdb.BdbQuit
]]></error>
			<system-out><![CDATA[> /vol/janeway/src/utils/notify_plugins/notify_email.py(64)send_email()
-> full_from_string = sanitize_address(
(Pdb) 
]]></system-out>
		</testcase>
		<testcase classname="src.utils.tests.TransactionalReviewEmailTests" name="test_send_editor_unassigned_notice" time="0.006" timestamp="2024-05-01T18:38:41" file="src/utils/tests.py" line="276">
			<error type="BdbQuit" message=""><![CDATA[Traceback (most recent call last):
  File "/vol/janeway/src/utils/tests.py", line 289, in test_send_editor_unassigned_notice
    send_editor_unassigned_notice(
  File "/vol/janeway/src/utils/transactional_emails.py", line 68, in send_editor_unassigned_notice
    core_email.send_email(
  File "/vol/janeway/src/core/email.py", line 34, in send_email
    notify_helpers.send_email_with_body_from_user(
  File "/vol/janeway/src/utils/notify_helpers.py", line 56, in send_email_with_body_from_user
    notify.notification(**notify_contents)
  File "/vol/janeway/src/utils/notify.py", line 21, in notification
    [func(**kwargs) for func in settings.NOTIFY_FUNCS]
  File "/vol/janeway/src/utils/notify.py", line 21, in <listcomp>
    [func(**kwargs) for func in settings.NOTIFY_FUNCS]
  File "/vol/janeway/src/utils/notify_plugins/notify_email.py", line 146, in notify_hook
    response = send_email(
  File "/vol/janeway/src/utils/notify_plugins/notify_email.py", line 64, in send_email
    full_from_string = sanitize_address(
  File "/vol/janeway/src/utils/notify_plugins/notify_email.py", line 64, in send_email
    full_from_string = sanitize_address(
  File "/usr/local/lib/python3.10/bdb.py", line 90, in trace_dispatch
    return self.dispatch_line(frame)
  File "/usr/local/lib/python3.10/bdb.py", line 115, in dispatch_line
    if self.quitting: raise BdbQuit
bdb.BdbQuit
]]></error>
			<system-out><![CDATA[> /vol/janeway/src/utils/notify_plugins/notify_email.py(64)send_email()
-> full_from_string = sanitize_address(
(Pdb) 
]]></system-out>
		</testcase>
		<testcase classname="src.utils.tests.TransactionalReviewEmailTests" name="test_send_review_complete_acknowledgements" time="0.231" timestamp="2024-05-01T18:38:41" file="src/utils/tests.py" line="338">
			<error type="BdbQuit" message=""><![CDATA[Traceback (most recent call last):
  File "/vol/janeway/src/utils/tests.py", line 342, in test_send_review_complete_acknowledgements
    send_review_complete_acknowledgements(**kwargs)
  File "/vol/janeway/src/utils/transactional_emails.py", line 294, in send_review_complete_acknowledgements
    notify_helpers.send_email_with_body_from_setting_template(
  File "/vol/janeway/src/utils/notify_helpers.py", line 37, in send_email_with_body_from_setting_template
    notify.notification(**notify_contents)
  File "/vol/janeway/src/utils/notify.py", line 21, in notification
    [func(**kwargs) for func in settings.NOTIFY_FUNCS]
  File "/vol/janeway/src/utils/notify.py", line 21, in <listcomp>
    [func(**kwargs) for func in settings.NOTIFY_FUNCS]
  File "/vol/janeway/src/utils/notify_plugins/notify_email.py", line 146, in notify_hook
    response = send_email(
  File "/vol/janeway/src/utils/notify_plugins/notify_email.py", line 64, in send_email
    full_from_string = sanitize_address(
  File "/vol/janeway/src/utils/notify_plugins/notify_email.py", line 64, in send_email
    full_from_string = sanitize_address(
  File "/usr/local/lib/python3.10/bdb.py", line 90, in trace_dispatch
    return self.dispatch_line(frame)
  File "/usr/local/lib/python3.10/bdb.py", line 115, in dispatch_line
    if self.quitting: raise BdbQuit
bdb.BdbQuit
]]></error>
			<system-out><![CDATA[> /vol/janeway/src/utils/notify_plugins/notify_email.py(64)send_email()
-> full_from_string = sanitize_address(
(Pdb) 
]]></system-out>
		</testcase>
		<testcase classname="src.utils.tests.TransactionalReviewEmailTests" name="test_send_reviewer_accepted_or_decline_acknowledgements" time="0.016" timestamp="2024-05-01T18:38:41" file="src/utils/tests.py" line="363">
			<error type="BdbQuit" message=""><![CDATA[Traceback (most recent call last):
  File "/vol/janeway/src/utils/tests.py", line 369, in test_send_reviewer_accepted_or_decline_acknowledgements
    send_reviewer_accepted_or_decline_acknowledgements(**kwargs)
  File "/vol/janeway/src/utils/transactional_emails.py", line 371, in send_reviewer_accepted_or_decline_acknowledgements
    notify_helpers.send_email_with_body_from_setting_template(
  File "/vol/janeway/src/utils/notify_helpers.py", line 37, in send_email_with_body_from_setting_template
    notify.notification(**notify_contents)
  File "/vol/janeway/src/utils/notify.py", line 21, in notification
    [func(**kwargs) for func in settings.NOTIFY_FUNCS]
  File "/vol/janeway/src/utils/notify.py", line 21, in <listcomp>
    [func(**kwargs) for func in settings.NOTIFY_FUNCS]
  File "/vol/janeway/src/utils/notify_plugins/notify_email.py", line 146, in notify_hook
    response = send_email(
  File "/vol/janeway/src/utils/notify_plugins/notify_email.py", line 64, in send_email
    full_from_string = sanitize_address(
  File "/vol/janeway/src/utils/notify_plugins/notify_email.py", line 64, in send_email
    full_from_string = sanitize_address(
  File "/usr/local/lib/python3.10/bdb.py", line 90, in trace_dispatch
    return self.dispatch_line(frame)
  File "/usr/local/lib/python3.10/bdb.py", line 115, in dispatch_line
    if self.quitting: raise BdbQuit
bdb.BdbQuit
]]></error>
			<system-out><![CDATA[> /vol/janeway/src/utils/notify_plugins/notify_email.py(64)send_email()
-> full_from_string = sanitize_address(
(Pdb) 
]]></system-out>
		</testcase>
		<testcase classname="src.utils.tests.TransactionalReviewEmailTests" name="test_send_reviewer_requested_acknowledgements" time="0.006" timestamp="2024-05-01T18:38:41" file="src/utils/tests.py" line="323">
			<error type="BdbQuit" message=""><![CDATA[Traceback (most recent call last):
  File "/vol/janeway/src/utils/tests.py", line 328, in test_send_reviewer_requested_acknowledgements
    send_reviewer_requested_acknowledgements(**kwargs)
  File "/vol/janeway/src/utils/transactional_emails.py", line 238, in send_reviewer_requested_acknowledgements
    notify_helpers.send_email_with_body_from_user(
  File "/vol/janeway/src/utils/notify_helpers.py", line 56, in send_email_with_body_from_user
    notify.notification(**notify_contents)
  File "/vol/janeway/src/utils/notify.py", line 21, in notification
    [func(**kwargs) for func in settings.NOTIFY_FUNCS]
  File "/vol/janeway/src/utils/notify.py", line 21, in <listcomp>
    [func(**kwargs) for func in settings.NOTIFY_FUNCS]
  File "/vol/janeway/src/utils/notify_plugins/notify_email.py", line 146, in notify_hook
    response = send_email(
  File "/vol/janeway/src/utils/notify_plugins/notify_email.py", line 64, in send_email
    full_from_string = sanitize_address(
  File "/vol/janeway/src/utils/notify_plugins/notify_email.py", line 64, in send_email
    full_from_string = sanitize_address(
  File "/usr/local/lib/python3.10/bdb.py", line 90, in trace_dispatch
    return self.dispatch_line(frame)
  File "/usr/local/lib/python3.10/bdb.py", line 115, in dispatch_line
    if self.quitting: raise BdbQuit
bdb.BdbQuit
]]></error>
			<system-out><![CDATA[> /vol/janeway/src/utils/notify_plugins/notify_email.py(64)send_email()
-> full_from_string = sanitize_address(
(Pdb) 
]]></system-out>
		</testcase>
		<testcase classname="src.utils.tests.TransactionalReviewEmailTests" name="test_send_reviewer_withdrawl_notice" time="0.006" timestamp="2024-05-01T18:38:41" file="src/utils/tests.py" line="250">
			<error type="BdbQuit" message=""><![CDATA[Traceback (most recent call last):
  File "/vol/janeway/src/utils/tests.py", line 267, in test_send_reviewer_withdrawl_notice
    send_reviewer_withdrawl_notice(**kwargs)
  File "/vol/janeway/src/utils/transactional_emails.py", line 42, in send_reviewer_withdrawl_notice
    core_email.send_email(
  File "/vol/janeway/src/core/email.py", line 34, in send_email
    notify_helpers.send_email_with_body_from_user(
  File "/vol/janeway/src/utils/notify_helpers.py", line 56, in send_email_with_body_from_user
    notify.notification(**notify_contents)
  File "/vol/janeway/src/utils/notify.py", line 21, in notification
    [func(**kwargs) for func in settings.NOTIFY_FUNCS]
  File "/vol/janeway/src/utils/notify.py", line 21, in <listcomp>
    [func(**kwargs) for func in settings.NOTIFY_FUNCS]
  File "/vol/janeway/src/utils/notify_plugins/notify_email.py", line 146, in notify_hook
    response = send_email(
  File "/vol/janeway/src/utils/notify_plugins/notify_email.py", line 64, in send_email
    full_from_string = sanitize_address(
  File "/vol/janeway/src/utils/notify_plugins/notify_email.py", line 64, in send_email
    full_from_string = sanitize_address(
  File "/usr/local/lib/python3.10/bdb.py", line 90, in trace_dispatch
    return self.dispatch_line(frame)
  File "/usr/local/lib/python3.10/bdb.py", line 115, in dispatch_line
    if self.quitting: raise BdbQuit
bdb.BdbQuit
]]></error>
			<system-out><![CDATA[> /vol/janeway/src/utils/notify_plugins/notify_email.py(64)send_email()
-> full_from_string = sanitize_address(
(Pdb) 
]]></system-out>
		</testcase>
		<testcase classname="src.utils.tests.TransactionalReviewEmailTests" name="test_send_revisions_author_receipt" time="0.008" timestamp="2024-05-01T18:38:41" file="src/utils/tests.py" line="496">
			<error type="BdbQuit" message=""><![CDATA[Traceback (most recent call last):
  File "/vol/janeway/src/utils/tests.py", line 503, in test_send_revisions_author_receipt
    send_revisions_author_receipt(**kwargs)
  File "/vol/janeway/src/utils/transactional_emails.py", line 619, in send_revisions_author_receipt
    notify_helpers.send_email_with_body_from_setting_template(
  File "/vol/janeway/src/utils/notify_helpers.py", line 37, in send_email_with_body_from_setting_template
    notify.notification(**notify_contents)
  File "/vol/janeway/src/utils/notify.py", line 21, in notification
    [func(**kwargs) for func in settings.NOTIFY_FUNCS]
  File "/vol/janeway/src/utils/notify.py", line 21, in <listcomp>
    [func(**kwargs) for func in settings.NOTIFY_FUNCS]
  File "/vol/janeway/src/utils/notify_plugins/notify_email.py", line 146, in notify_hook
    response = send_email(
  File "/vol/janeway/src/utils/notify_plugins/notify_email.py", line 64, in send_email
    full_from_string = sanitize_address(
  File "/vol/janeway/src/utils/notify_plugins/notify_email.py", line 64, in send_email
    full_from_string = sanitize_address(
  File "/usr/local/lib/python3.10/bdb.py", line 90, in trace_dispatch
    return self.dispatch_line(frame)
  File "/usr/local/lib/python3.10/bdb.py", line 115, in dispatch_line
    if self.quitting: raise BdbQuit
bdb.BdbQuit
]]></error>
			<system-out><![CDATA[> /vol/janeway/src/utils/notify_plugins/notify_email.py(64)send_email()
-> full_from_string = sanitize_address(
(Pdb) 
]]></system-out>
		</testcase>
		<testcase classname="src.utils.tests.TransactionalReviewEmailTests" name="test_send_revisions_complete" time="0.010" timestamp="2024-05-01T18:38:41" file="src/utils/tests.py" line="478">
			<error type="BdbQuit" message=""><![CDATA[Traceback (most recent call last):
  File "/vol/janeway/src/utils/tests.py", line 485, in test_send_revisions_complete
    send_revisions_complete(**kwargs)
  File "/vol/janeway/src/utils/transactional_emails.py", line 582, in send_revisions_complete
    notify_helpers.send_email_with_body_from_setting_template(
  File "/vol/janeway/src/utils/notify_helpers.py", line 37, in send_email_with_body_from_setting_template
    notify.notification(**notify_contents)
  File "/vol/janeway/src/utils/notify.py", line 21, in notification
    [func(**kwargs) for func in settings.NOTIFY_FUNCS]
  File "/vol/janeway/src/utils/notify.py", line 21, in <listcomp>
    [func(**kwargs) for func in settings.NOTIFY_FUNCS]
  File "/vol/janeway/src/utils/notify_plugins/notify_email.py", line 146, in notify_hook
    response = send_email(
  File "/vol/janeway/src/utils/notify_plugins/notify_email.py", line 64, in send_email
    full_from_string = sanitize_address(
  File "/vol/janeway/src/utils/notify_plugins/notify_email.py", line 64, in send_email
    full_from_string = sanitize_address(
  File "/usr/local/lib/python3.10/bdb.py", line 90, in trace_dispatch
    return self.dispatch_line(frame)
  File "/usr/local/lib/python3.10/bdb.py", line 115, in dispatch_line
    if self.quitting: raise BdbQuit
bdb.BdbQuit
]]></error>
			<system-out><![CDATA[> /vol/janeway/src/utils/notify_plugins/notify_email.py(64)send_email()
-> full_from_string = sanitize_address(
(Pdb) 
]]></system-out>
		</testcase>
		<testcase classname="src.utils.tests.TransactionalReviewEmailTests" name="test_send_revisions_request" time="0.006" timestamp="2024-05-01T18:38:41" file="src/utils/tests.py" line="460">
			<error type="BdbQuit" message=""><![CDATA[Traceback (most recent call last):
  File "/vol/janeway/src/utils/tests.py", line 467, in test_send_revisions_request
    send_revisions_request(**kwargs)
  File "/vol/janeway/src/utils/transactional_emails.py", line 547, in send_revisions_request
    notify_helpers.send_email_with_body_from_user(
  File "/vol/janeway/src/utils/notify_helpers.py", line 56, in send_email_with_body_from_user
    notify.notification(**notify_contents)
  File "/vol/janeway/src/utils/notify.py", line 21, in notification
    [func(**kwargs) for func in settings.NOTIFY_FUNCS]
  File "/vol/janeway/src/utils/notify.py", line 21, in <listcomp>
    [func(**kwargs) for func in settings.NOTIFY_FUNCS]
  File "/vol/janeway/src/utils/notify_plugins/notify_email.py", line 146, in notify_hook
    response = send_email(
  File "/vol/janeway/src/utils/notify_plugins/notify_email.py", line 64, in send_email
    full_from_string = sanitize_address(
  File "/vol/janeway/src/utils/notify_plugins/notify_email.py", line 64, in send_email
    full_from_string = sanitize_address(
  File "/usr/local/lib/python3.10/bdb.py", line 90, in trace_dispatch
    return self.dispatch_line(frame)
  File "/usr/local/lib/python3.10/bdb.py", line 115, in dispatch_line
    if self.quitting: raise BdbQuit
bdb.BdbQuit
]]></error>
			<system-out><![CDATA[> /vol/janeway/src/utils/notify_plugins/notify_email.py(64)send_email()
-> full_from_string = sanitize_address(
(Pdb) 
]]></system-out>
		</testcase>
		<testcase classname="src.utils.tests.TransactionalReviewEmailTests" name="test_send_submission_acknowledgement" time="0.012" timestamp="2024-05-01T18:38:41" file="src/utils/tests.py" line="413">
			<!--
        Tests whether subjects are correct, nothing else.
        Testing recipients would require some cleaning up of
        test data in the setup method.
        -->
			<error type="BdbQuit" message=""><![CDATA[Traceback (most recent call last):
  File "/vol/janeway/src/utils/tests.py", line 423, in test_send_submission_acknowledgement
    send_submission_acknowledgement(**kwargs)
  File "/vol/janeway/src/utils/transactional_emails.py", line 450, in send_submission_acknowledgement
    notify_helpers.send_email_with_body_from_setting_template(
  File "/vol/janeway/src/utils/notify_helpers.py", line 37, in send_email_with_body_from_setting_template
    notify.notification(**notify_contents)
  File "/vol/janeway/src/utils/notify.py", line 21, in notification
    [func(**kwargs) for func in settings.NOTIFY_FUNCS]
  File "/vol/janeway/src/utils/notify.py", line 21, in <listcomp>
    [func(**kwargs) for func in settings.NOTIFY_FUNCS]
  File "/vol/janeway/src/utils/notify_plugins/notify_email.py", line 146, in notify_hook
    response = send_email(
  File "/vol/janeway/src/utils/notify_plugins/notify_email.py", line 64, in send_email
    full_from_string = sanitize_address(
  File "/vol/janeway/src/utils/notify_plugins/notify_email.py", line 64, in send_email
    full_from_string = sanitize_address(
  File "/usr/local/lib/python3.10/bdb.py", line 90, in trace_dispatch
    return self.dispatch_line(frame)
  File "/usr/local/lib/python3.10/bdb.py", line 115, in dispatch_line
    if self.quitting: raise BdbQuit
bdb.BdbQuit
]]></error>
			<system-out><![CDATA[> /vol/janeway/src/utils/notify_plugins/notify_email.py(64)send_email()
-> full_from_string = sanitize_address(
(Pdb) 
]]></system-out>
		</testcase>
	</testsuite>
</testsuites>
